2024-12-23 10:27:40.494 +07:00 [INF] Initialized Scheduler Signaller of type: Quartz.Core.SchedulerSignalerImpl
2024-12-23 10:27:40.512 +07:00 [INF] Quartz Scheduler created
2024-12-23 10:27:40.512 +07:00 [INF] JobFactory set to: Quartz.Simpl.MicrosoftDependencyInjectionJobFactory
2024-12-23 10:27:40.513 +07:00 [INF] RAMJobStore initialized.
2024-12-23 10:27:40.513 +07:00 [INF] Quartz Scheduler 3.13.1.0 - 'QuartzScheduler' with instanceId 'NON_CLUSTERED' initialized
2024-12-23 10:27:40.513 +07:00 [INF] Using thread pool 'Quartz.Simpl.DefaultThreadPool', size: 10
2024-12-23 10:27:40.513 +07:00 [INF] Using job store 'Quartz.Simpl.RAMJobStore', supports persistence: False, clustered: False
2024-12-23 10:27:40.603 +07:00 [INF] Scheduler QuartzScheduler_$_NON_CLUSTERED started.
2024-12-23 11:28:59.078 +07:00 [WRN] Failed to determine the https port for redirect.
2024-12-23 11:29:13.885 +07:00 [ERR] An unhandled exception has occurred while executing the request.
System.ArgumentNullException: Value cannot be null. (Parameter 'source')
   at System.Linq.ThrowHelper.ThrowArgumentNullException(ExceptionArgument argument)
   at System.Linq.Enumerable.ToList[TSource](IEnumerable`1 source)
   at Ecommerce_Product.Controllers.ProductsController.Products()
   at Microsoft.AspNetCore.Mvc.Infrastructure.ActionMethodExecutor.TaskOfIActionResultExecutor.Execute(ActionContext actionContext, IActionResultTypeMapper mapper, ObjectMethodExecutor executor, Object controller, Object[] arguments)
   at Microsoft.AspNetCore.Mvc.Infrastructure.ControllerActionInvoker.<InvokeActionMethodAsync>g__Awaited|12_0(ControllerActionInvoker invoker, ValueTask`1 actionResultValueTask)
   at Microsoft.AspNetCore.Mvc.Infrastructure.ControllerActionInvoker.<InvokeNextActionFilterAsync>g__Awaited|10_0(ControllerActionInvoker invoker, Task lastTask, State next, Scope scope, Object state, Boolean isCompleted)
   at Microsoft.AspNetCore.Mvc.Infrastructure.ControllerActionInvoker.Rethrow(ActionExecutedContextSealed context)
   at Microsoft.AspNetCore.Mvc.Infrastructure.ControllerActionInvoker.Next(State& next, Scope& scope, Object& state, Boolean& isCompleted)
   at Microsoft.AspNetCore.Mvc.Infrastructure.ControllerActionInvoker.<InvokeInnerFilterAsync>g__Awaited|13_0(ControllerActionInvoker invoker, Task lastTask, State next, Scope scope, Object state, Boolean isCompleted)
   at Microsoft.AspNetCore.Mvc.Infrastructure.ResourceInvoker.<InvokeNextResourceFilter>g__Awaited|25_0(ResourceInvoker invoker, Task lastTask, State next, Scope scope, Object state, Boolean isCompleted)
   at Microsoft.AspNetCore.Mvc.Infrastructure.ResourceInvoker.Rethrow(ResourceExecutedContextSealed context)
   at Microsoft.AspNetCore.Mvc.Infrastructure.ResourceInvoker.Next(State& next, Scope& scope, Object& state, Boolean& isCompleted)
   at Microsoft.AspNetCore.Mvc.Infrastructure.ResourceInvoker.<InvokeFilterPipelineAsync>g__Awaited|20_0(ResourceInvoker invoker, Task lastTask, State next, Scope scope, Object state, Boolean isCompleted)
   at Microsoft.AspNetCore.Mvc.Infrastructure.ResourceInvoker.<InvokeAsync>g__Awaited|17_0(ResourceInvoker invoker, Task task, IDisposable scope)
   at Microsoft.AspNetCore.Mvc.Infrastructure.ResourceInvoker.<InvokeAsync>g__Awaited|17_0(ResourceInvoker invoker, Task task, IDisposable scope)
   at Ecommerce_Product.Support_Serive.NotFoundMiddleware.InvokeAsync(HttpContext context)
   at Microsoft.AspNetCore.Authorization.AuthorizationMiddleware.Invoke(HttpContext context)
   at Microsoft.AspNetCore.Authentication.AuthenticationMiddleware.Invoke(HttpContext context)
   at Microsoft.AspNetCore.Diagnostics.DeveloperExceptionPageMiddlewareImpl.Invoke(HttpContext context)
2024-12-23 11:31:51.087 +07:00 [ERR] An unhandled exception has occurred while executing the request.
System.ArgumentNullException: Value cannot be null. (Parameter 'source')
   at System.Linq.ThrowHelper.ThrowArgumentNullException(ExceptionArgument argument)
   at System.Linq.Enumerable.ToList[TSource](IEnumerable`1 source)
   at Ecommerce_Product.Controllers.ProductsController.Products()
   at Microsoft.AspNetCore.Mvc.Infrastructure.ActionMethodExecutor.TaskOfIActionResultExecutor.Execute(ActionContext actionContext, IActionResultTypeMapper mapper, ObjectMethodExecutor executor, Object controller, Object[] arguments)
   at Microsoft.AspNetCore.Mvc.Infrastructure.ControllerActionInvoker.<InvokeActionMethodAsync>g__Awaited|12_0(ControllerActionInvoker invoker, ValueTask`1 actionResultValueTask)
   at Microsoft.AspNetCore.Mvc.Infrastructure.ControllerActionInvoker.<InvokeNextActionFilterAsync>g__Awaited|10_0(ControllerActionInvoker invoker, Task lastTask, State next, Scope scope, Object state, Boolean isCompleted)
   at Microsoft.AspNetCore.Mvc.Infrastructure.ControllerActionInvoker.Rethrow(ActionExecutedContextSealed context)
   at Microsoft.AspNetCore.Mvc.Infrastructure.ControllerActionInvoker.Next(State& next, Scope& scope, Object& state, Boolean& isCompleted)
   at Microsoft.AspNetCore.Mvc.Infrastructure.ControllerActionInvoker.<InvokeInnerFilterAsync>g__Awaited|13_0(ControllerActionInvoker invoker, Task lastTask, State next, Scope scope, Object state, Boolean isCompleted)
   at Microsoft.AspNetCore.Mvc.Infrastructure.ResourceInvoker.<InvokeNextResourceFilter>g__Awaited|25_0(ResourceInvoker invoker, Task lastTask, State next, Scope scope, Object state, Boolean isCompleted)
   at Microsoft.AspNetCore.Mvc.Infrastructure.ResourceInvoker.Rethrow(ResourceExecutedContextSealed context)
   at Microsoft.AspNetCore.Mvc.Infrastructure.ResourceInvoker.Next(State& next, Scope& scope, Object& state, Boolean& isCompleted)
   at Microsoft.AspNetCore.Mvc.Infrastructure.ResourceInvoker.<InvokeFilterPipelineAsync>g__Awaited|20_0(ResourceInvoker invoker, Task lastTask, State next, Scope scope, Object state, Boolean isCompleted)
   at Microsoft.AspNetCore.Mvc.Infrastructure.ResourceInvoker.<InvokeAsync>g__Awaited|17_0(ResourceInvoker invoker, Task task, IDisposable scope)
   at Microsoft.AspNetCore.Mvc.Infrastructure.ResourceInvoker.<InvokeAsync>g__Awaited|17_0(ResourceInvoker invoker, Task task, IDisposable scope)
   at Ecommerce_Product.Support_Serive.NotFoundMiddleware.InvokeAsync(HttpContext context)
   at Microsoft.AspNetCore.Authorization.AuthorizationMiddleware.Invoke(HttpContext context)
   at Microsoft.AspNetCore.Authentication.AuthenticationMiddleware.Invoke(HttpContext context)
   at Microsoft.AspNetCore.Diagnostics.DeveloperExceptionPageMiddlewareImpl.Invoke(HttpContext context)
2024-12-23 11:32:21.257 +07:00 [WRN] Compiling a query which loads related collections for more than one collection navigation, either via 'Include' or through projection, but no 'QuerySplittingBehavior' has been configured. By default, Entity Framework will use 'QuerySplittingBehavior.SingleQuery', which can potentially result in slow query performance. See https://go.microsoft.com/fwlink/?linkid=2134277 for more information. To identify the query that's triggering this warning call 'ConfigureWarnings(w => w.Throw(RelationalEventId.MultipleCollectionIncludeWarning))'.
2024-12-23 11:36:04.259 +07:00 [INF] Scheduler QuartzScheduler_$_NON_CLUSTERED shutting down.
2024-12-23 11:36:04.260 +07:00 [INF] Scheduler QuartzScheduler_$_NON_CLUSTERED paused.
2024-12-23 11:36:04.266 +07:00 [INF] Scheduler QuartzScheduler_$_NON_CLUSTERED Shutdown complete.
2024-12-23 12:05:32.061 +07:00 [INF] Initialized Scheduler Signaller of type: Quartz.Core.SchedulerSignalerImpl
2024-12-23 12:05:32.091 +07:00 [INF] Quartz Scheduler created
2024-12-23 12:05:32.092 +07:00 [INF] JobFactory set to: Quartz.Simpl.MicrosoftDependencyInjectionJobFactory
2024-12-23 12:05:32.092 +07:00 [INF] RAMJobStore initialized.
2024-12-23 12:05:32.092 +07:00 [INF] Quartz Scheduler 3.13.1.0 - 'QuartzScheduler' with instanceId 'NON_CLUSTERED' initialized
2024-12-23 12:05:32.092 +07:00 [INF] Using thread pool 'Quartz.Simpl.DefaultThreadPool', size: 10
2024-12-23 12:05:32.092 +07:00 [INF] Using job store 'Quartz.Simpl.RAMJobStore', supports persistence: False, clustered: False
2024-12-23 12:05:32.197 +07:00 [INF] Scheduler QuartzScheduler_$_NON_CLUSTERED started.
2024-12-23 15:34:56.755 +07:00 [INF] Initialized Scheduler Signaller of type: Quartz.Core.SchedulerSignalerImpl
2024-12-23 15:34:56.794 +07:00 [INF] Quartz Scheduler created
2024-12-23 15:34:56.794 +07:00 [INF] JobFactory set to: Quartz.Simpl.MicrosoftDependencyInjectionJobFactory
2024-12-23 15:34:56.794 +07:00 [INF] RAMJobStore initialized.
2024-12-23 15:34:56.795 +07:00 [INF] Quartz Scheduler 3.13.1.0 - 'QuartzScheduler' with instanceId 'NON_CLUSTERED' initialized
2024-12-23 15:34:56.795 +07:00 [INF] Using thread pool 'Quartz.Simpl.DefaultThreadPool', size: 10
2024-12-23 15:34:56.795 +07:00 [INF] Using job store 'Quartz.Simpl.RAMJobStore', supports persistence: False, clustered: False
2024-12-23 15:34:57.052 +07:00 [INF] Scheduler QuartzScheduler_$_NON_CLUSTERED started.
2024-12-23 15:35:57.992 +07:00 [WRN] Failed to determine the https port for redirect.
2024-12-23 15:36:54.646 +07:00 [WRN] As of ""2024-12-23T08:36:54.6424117+00:00"", the heartbeat has been running for ""00:00:04.6357836"" which is longer than ""00:00:01"". This could be caused by thread pool starvation.
2024-12-23 15:37:20.360 +07:00 [WRN] As of ""2024-12-23T08:37:20.3603237+00:00"", the heartbeat has been running for ""00:00:05.6952878"" which is longer than ""00:00:01"". This could be caused by thread pool starvation.
2024-12-23 15:38:47.340 +07:00 [WRN] Compiling a query which loads related collections for more than one collection navigation, either via 'Include' or through projection, but no 'QuerySplittingBehavior' has been configured. By default, Entity Framework will use 'QuerySplittingBehavior.SingleQuery', which can potentially result in slow query performance. See https://go.microsoft.com/fwlink/?linkid=2134277 for more information. To identify the query that's triggering this warning call 'ConfigureWarnings(w => w.Throw(RelationalEventId.MultipleCollectionIncludeWarning))'.
2024-12-23 15:38:53.588 +07:00 [WRN] Compiling a query which loads related collections for more than one collection navigation, either via 'Include' or through projection, but no 'QuerySplittingBehavior' has been configured. By default, Entity Framework will use 'QuerySplittingBehavior.SingleQuery', which can potentially result in slow query performance. See https://go.microsoft.com/fwlink/?linkid=2134277 for more information. To identify the query that's triggering this warning call 'ConfigureWarnings(w => w.Throw(RelationalEventId.MultipleCollectionIncludeWarning))'.
2024-12-23 15:39:40.569 +07:00 [ERR] Checkout Exception:The path must be absolute. (Parameter 'root')
2024-12-23 15:40:22.192 +07:00 [WRN] As of ""2024-12-23T08:40:22.1924679+00:00"", the heartbeat has been running for ""00:00:05.2230422"" which is longer than ""00:00:01"". This could be caused by thread pool starvation.
2024-12-23 15:40:28.190 +07:00 [ERR] Checkout Exception:The path must be absolute. (Parameter 'root')
2024-12-23 15:49:08.095 +07:00 [ERR] Checkout Exception:The path must be absolute. (Parameter 'root')
2024-12-23 15:49:19.469 +07:00 [ERR] Checkout Exception:The path must be absolute. (Parameter 'root')
2024-12-23 15:49:19.528 +07:00 [ERR] Checkout Exception:The path must be absolute. (Parameter 'root')
2024-12-23 15:50:05.400 +07:00 [ERR] Checkout Exception:The path must be absolute. (Parameter 'root')
2024-12-23 15:50:14.745 +07:00 [WRN] As of ""2024-12-23T08:50:14.7455383+00:00"", the heartbeat has been running for ""00:00:03.5564439"" which is longer than ""00:00:01"". This could be caused by thread pool starvation.
2024-12-23 15:50:18.652 +07:00 [ERR] Checkout Exception:The path must be absolute. (Parameter 'root')
2024-12-23 15:51:12.883 +07:00 [ERR] Checkout Exception:The path must be absolute. (Parameter 'root')
2024-12-23 15:51:36.860 +07:00 [ERR] Checkout Exception:The path must be absolute. (Parameter 'root')
2024-12-23 15:54:45.936 +07:00 [INF] Initialized Scheduler Signaller of type: Quartz.Core.SchedulerSignalerImpl
2024-12-23 15:54:45.968 +07:00 [INF] Quartz Scheduler created
2024-12-23 15:54:45.968 +07:00 [INF] JobFactory set to: Quartz.Simpl.MicrosoftDependencyInjectionJobFactory
2024-12-23 15:54:45.968 +07:00 [INF] RAMJobStore initialized.
2024-12-23 15:54:45.968 +07:00 [INF] Quartz Scheduler 3.13.1.0 - 'QuartzScheduler' with instanceId 'NON_CLUSTERED' initialized
2024-12-23 15:54:45.968 +07:00 [INF] Using thread pool 'Quartz.Simpl.DefaultThreadPool', size: 10
2024-12-23 15:54:45.968 +07:00 [INF] Using job store 'Quartz.Simpl.RAMJobStore', supports persistence: False, clustered: False
2024-12-23 15:54:46.028 +07:00 [INF] Scheduler QuartzScheduler_$_NON_CLUSTERED started.
2024-12-23 15:54:49.637 +07:00 [WRN] Failed to determine the https port for redirect.
2024-12-23 15:54:50.459 +07:00 [ERR] Checkout Exception:Index was out of range. Must be non-negative and less than the size of the collection. (Parameter 'index')
2024-12-23 15:54:58.528 +07:00 [WRN] Compiling a query which loads related collections for more than one collection navigation, either via 'Include' or through projection, but no 'QuerySplittingBehavior' has been configured. By default, Entity Framework will use 'QuerySplittingBehavior.SingleQuery', which can potentially result in slow query performance. See https://go.microsoft.com/fwlink/?linkid=2134277 for more information. To identify the query that's triggering this warning call 'ConfigureWarnings(w => w.Throw(RelationalEventId.MultipleCollectionIncludeWarning))'.
2024-12-23 15:55:04.327 +07:00 [WRN] Compiling a query which loads related collections for more than one collection navigation, either via 'Include' or through projection, but no 'QuerySplittingBehavior' has been configured. By default, Entity Framework will use 'QuerySplittingBehavior.SingleQuery', which can potentially result in slow query performance. See https://go.microsoft.com/fwlink/?linkid=2134277 for more information. To identify the query that's triggering this warning call 'ConfigureWarnings(w => w.Throw(RelationalEventId.MultipleCollectionIncludeWarning))'.
2024-12-23 15:55:42.981 +07:00 [WRN] As of ""2024-12-23T08:55:42.9462178+00:00"", the heartbeat has been running for ""00:00:09.8743893"" which is longer than ""00:00:01"". This could be caused by thread pool starvation.
2024-12-23 15:58:02.515 +07:00 [ERR] An unhandled exception has occurred while executing the request.
System.ArgumentNullException: Value cannot be null. (Parameter 'source')
   at System.Linq.ThrowHelper.ThrowArgumentNullException(ExceptionArgument argument)
   at System.Linq.Enumerable.ToList[TSource](IEnumerable`1 source)
   at Ecommerce_Product.Controllers.ProductsController.Products() in C:\Users\QuanDEV\Ecommerce-Product\Controllers\ProductsController.cs:line 153
   at Microsoft.AspNetCore.Mvc.Infrastructure.ActionMethodExecutor.TaskOfIActionResultExecutor.Execute(ActionContext actionContext, IActionResultTypeMapper mapper, ObjectMethodExecutor executor, Object controller, Object[] arguments)
   at Microsoft.AspNetCore.Mvc.Infrastructure.ControllerActionInvoker.<InvokeActionMethodAsync>g__Awaited|12_0(ControllerActionInvoker invoker, ValueTask`1 actionResultValueTask)
   at Microsoft.AspNetCore.Mvc.Infrastructure.ControllerActionInvoker.<InvokeNextActionFilterAsync>g__Awaited|10_0(ControllerActionInvoker invoker, Task lastTask, State next, Scope scope, Object state, Boolean isCompleted)
   at Microsoft.AspNetCore.Mvc.Infrastructure.ControllerActionInvoker.Rethrow(ActionExecutedContextSealed context)
   at Microsoft.AspNetCore.Mvc.Infrastructure.ControllerActionInvoker.Next(State& next, Scope& scope, Object& state, Boolean& isCompleted)
   at Microsoft.AspNetCore.Mvc.Infrastructure.ControllerActionInvoker.<InvokeInnerFilterAsync>g__Awaited|13_0(ControllerActionInvoker invoker, Task lastTask, State next, Scope scope, Object state, Boolean isCompleted)
   at Microsoft.AspNetCore.Mvc.Infrastructure.ResourceInvoker.<InvokeNextResourceFilter>g__Awaited|25_0(ResourceInvoker invoker, Task lastTask, State next, Scope scope, Object state, Boolean isCompleted)
   at Microsoft.AspNetCore.Mvc.Infrastructure.ResourceInvoker.Rethrow(ResourceExecutedContextSealed context)
   at Microsoft.AspNetCore.Mvc.Infrastructure.ResourceInvoker.Next(State& next, Scope& scope, Object& state, Boolean& isCompleted)
   at Microsoft.AspNetCore.Mvc.Infrastructure.ResourceInvoker.<InvokeFilterPipelineAsync>g__Awaited|20_0(ResourceInvoker invoker, Task lastTask, State next, Scope scope, Object state, Boolean isCompleted)
   at Microsoft.AspNetCore.Mvc.Infrastructure.ResourceInvoker.<InvokeAsync>g__Awaited|17_0(ResourceInvoker invoker, Task task, IDisposable scope)
   at Microsoft.AspNetCore.Mvc.Infrastructure.ResourceInvoker.<InvokeAsync>g__Awaited|17_0(ResourceInvoker invoker, Task task, IDisposable scope)
   at Ecommerce_Product.Support_Serive.NotFoundMiddleware.InvokeAsync(HttpContext context) in C:\Users\QuanDEV\Ecommerce-Product\Support_Service\NotFoundMiddleware.cs:line 54
   at Microsoft.AspNetCore.Authorization.AuthorizationMiddleware.Invoke(HttpContext context)
   at Microsoft.AspNetCore.Authentication.AuthenticationMiddleware.Invoke(HttpContext context)
   at Microsoft.AspNetCore.Diagnostics.DeveloperExceptionPageMiddlewareImpl.Invoke(HttpContext context)
2024-12-23 15:59:11.732 +07:00 [ERR] Checkout Exception:The path must be absolute. (Parameter 'root')
2024-12-23 16:00:33.861 +07:00 [ERR] Checkout Exception:The path must be absolute. (Parameter 'root')
2024-12-23 16:00:38.720 +07:00 [ERR] Checkout Exception:The path must be absolute. (Parameter 'root')
2024-12-23 16:02:31.876 +07:00 [ERR] Checkout Exception:The path must be absolute. (Parameter 'root')
2024-12-23 16:02:34.600 +07:00 [ERR] Checkout Exception:The path must be absolute. (Parameter 'root')
2024-12-23 16:02:34.696 +07:00 [ERR] Checkout Exception:The path must be absolute. (Parameter 'root')
2024-12-23 16:02:41.489 +07:00 [ERR] Checkout Exception:The path must be absolute. (Parameter 'root')
2024-12-23 16:03:40.599 +07:00 [ERR] Checkout Exception:The path must be absolute. (Parameter 'root')
2024-12-23 16:03:40.659 +07:00 [ERR] Checkout Exception:The path must be absolute. (Parameter 'root')
2024-12-23 16:04:02.672 +07:00 [ERR] Checkout Exception:The path must be absolute. (Parameter 'root')
2024-12-23 16:04:08.514 +07:00 [ERR] Checkout Exception:The path must be absolute. (Parameter 'root')
2024-12-23 16:04:23.811 +07:00 [ERR] Checkout Exception:The path must be absolute. (Parameter 'root')
2024-12-23 16:04:25.157 +07:00 [ERR] Checkout Exception:The path must be absolute. (Parameter 'root')
2024-12-23 16:04:31.447 +07:00 [ERR] Checkout Exception:The path must be absolute. (Parameter 'root')
2024-12-23 16:04:42.302 +07:00 [ERR] Checkout Exception:Root directory ~/Views not found
2024-12-23 16:04:44.030 +07:00 [ERR] Checkout Exception:Root directory ~/Views not found
2024-12-23 16:05:01.520 +07:00 [ERR] Checkout Exception:Root directory ~/Views not found
2024-12-23 16:05:07.032 +07:00 [ERR] Checkout Exception:Root directory ~/Views not found
2024-12-23 16:05:13.929 +07:00 [ERR] Checkout Exception:Root directory ~/Views not found
2024-12-23 16:05:55.644 +07:00 [ERR] Checkout Exception:RazorLightProjectItem of type RazorLight.Razor.EmbeddedRazorProjectItem with key ~/Views/MailTemplate/index.cshtml could not be found by the RazorLightProject of type RazorLight.Razor.EmbeddedRazorProject and does not exist in dynamic templates. Set RazorLightOptions.EnableDebugMode to true to allow the "KnownDynamicTemplateKeys" and "KnownProjectTemplateKeys" properties on this exception to be set.
2024-12-23 16:05:55.663 +07:00 [ERR] Checkout Exception:RazorLightProjectItem of type RazorLight.Razor.EmbeddedRazorProjectItem with key ~/Views/MailTemplate/index.cshtml could not be found by the RazorLightProject of type RazorLight.Razor.EmbeddedRazorProject and does not exist in dynamic templates. Set RazorLightOptions.EnableDebugMode to true to allow the "KnownDynamicTemplateKeys" and "KnownProjectTemplateKeys" properties on this exception to be set.
2024-12-23 16:06:03.619 +07:00 [ERR] Checkout Exception:RazorLightProjectItem of type RazorLight.Razor.EmbeddedRazorProjectItem with key ~/Views/MailTemplate/index.cshtml could not be found by the RazorLightProject of type RazorLight.Razor.EmbeddedRazorProject and does not exist in dynamic templates. Set RazorLightOptions.EnableDebugMode to true to allow the "KnownDynamicTemplateKeys" and "KnownProjectTemplateKeys" properties on this exception to be set.
2024-12-23 16:06:39.163 +07:00 [ERR] Checkout Exception:The path must be absolute. (Parameter 'root')
2024-12-23 16:06:42.059 +07:00 [ERR] Checkout Exception:Root directory ~Views not found
2024-12-23 16:06:44.530 +07:00 [ERR] Checkout Exception:Root directory ~/Views not found
2024-12-23 16:06:51.179 +07:00 [ERR] Checkout Exception:Root directory ~/Views not found
2024-12-23 16:07:33.828 +07:00 [ERR] Checkout Exception:Root directory ~/Views not found
2024-12-23 16:07:36.877 +07:00 [ERR] Checkout Exception:Root directory ~/Views not found
2024-12-23 16:07:38.448 +07:00 [ERR] Checkout Exception:Root directory ~/Views not found
2024-12-23 16:07:41.151 +07:00 [ERR] Checkout Exception:Root directory ~/Views not found
2024-12-23 16:07:44.732 +07:00 [ERR] Checkout Exception:Root directory C:\Users\QuanDEV\Ecommerce-Product\bin\Debug\net8.0\Views not found
2024-12-23 16:07:44.836 +07:00 [ERR] Checkout Exception:Root directory C:\Users\QuanDEV\Ecommerce-Product\bin\Debug\net8.0\Views not found
2024-12-23 16:07:44.914 +07:00 [ERR] Checkout Exception:Root directory C:\Users\QuanDEV\Ecommerce-Product\bin\Debug\net8.0\Views not found
2024-12-23 16:07:55.299 +07:00 [ERR] Checkout Exception:Root directory C:\Users\QuanDEV\Ecommerce-Product\bin\Debug\net8.0\Views not found
2024-12-23 16:07:55.307 +07:00 [ERR] Checkout Exception:Root directory C:\Users\QuanDEV\Ecommerce-Product\bin\Debug\net8.0\Views not found
2024-12-23 16:07:55.427 +07:00 [ERR] Checkout Exception:Root directory C:\Users\QuanDEV\Ecommerce-Product\bin\Debug\net8.0\Views not found
2024-12-23 16:09:45.572 +07:00 [ERR] Checkout Exception:Root directory C:\Users\QuanDEV\Ecommerce-Product\bin\Debug\net8.0\Views not found
2024-12-23 16:10:09.017 +07:00 [ERR] Checkout Exception:RazorLightProjectItem of type RazorLight.Razor.FileSystemRazorProjectItem with key /~/Views/MailTemplate/index.cshtml could not be found by the RazorLightProject of type RazorLight.Razor.FileSystemRazorProject and does not exist in dynamic templates. Set RazorLightOptions.EnableDebugMode to true to allow the "KnownDynamicTemplateKeys" and "KnownProjectTemplateKeys" properties on this exception to be set.
2024-12-23 16:10:09.050 +07:00 [ERR] Checkout Exception:RazorLightProjectItem of type RazorLight.Razor.FileSystemRazorProjectItem with key /~/Views/MailTemplate/index.cshtml could not be found by the RazorLightProject of type RazorLight.Razor.FileSystemRazorProject and does not exist in dynamic templates. Set RazorLightOptions.EnableDebugMode to true to allow the "KnownDynamicTemplateKeys" and "KnownProjectTemplateKeys" properties on this exception to be set.
2024-12-23 16:10:16.549 +07:00 [ERR] Checkout Exception:RazorLightProjectItem of type RazorLight.Razor.FileSystemRazorProjectItem with key /~/Views/MailTemplate/index.cshtml could not be found by the RazorLightProject of type RazorLight.Razor.FileSystemRazorProject and does not exist in dynamic templates. Set RazorLightOptions.EnableDebugMode to true to allow the "KnownDynamicTemplateKeys" and "KnownProjectTemplateKeys" properties on this exception to be set.
2024-12-23 16:11:28.882 +07:00 [ERR] Checkout Exception:RazorLightProjectItem of type RazorLight.Razor.FileSystemRazorProjectItem with key /~/Views/MailTemplate/index.cshtml could not be found by the RazorLightProject of type RazorLight.Razor.FileSystemRazorProject and does not exist in dynamic templates. Set RazorLightOptions.EnableDebugMode to true to allow the "KnownDynamicTemplateKeys" and "KnownProjectTemplateKeys" properties on this exception to be set.
2024-12-23 16:12:09.964 +07:00 [ERR] Checkout Exception:RazorLightProjectItem of type RazorLight.Razor.FileSystemRazorProjectItem with key /~/Views/MailTemplate/index.cshtml could not be found by the RazorLightProject of type RazorLight.Razor.FileSystemRazorProject and does not exist in dynamic templates. Set RazorLightOptions.EnableDebugMode to true to allow the "KnownDynamicTemplateKeys" and "KnownProjectTemplateKeys" properties on this exception to be set.
2024-12-23 16:12:12.652 +07:00 [ERR] Checkout Exception:RazorLightProjectItem of type RazorLight.Razor.FileSystemRazorProjectItem with key /~/Views/MailTemplate/index.cshtml could not be found by the RazorLightProject of type RazorLight.Razor.FileSystemRazorProject and does not exist in dynamic templates. Set RazorLightOptions.EnableDebugMode to true to allow the "KnownDynamicTemplateKeys" and "KnownProjectTemplateKeys" properties on this exception to be set.
2024-12-23 16:12:22.346 +07:00 [ERR] Checkout Exception:RazorLightProjectItem of type RazorLight.Razor.FileSystemRazorProjectItem with key /~/Views/MailTemplate/index.cshtml could not be found by the RazorLightProject of type RazorLight.Razor.FileSystemRazorProject and does not exist in dynamic templates. Set RazorLightOptions.EnableDebugMode to true to allow the "KnownDynamicTemplateKeys" and "KnownProjectTemplateKeys" properties on this exception to be set.
2024-12-23 16:12:25.277 +07:00 [ERR] Checkout Exception:RazorLightProjectItem of type RazorLight.Razor.FileSystemRazorProjectItem with key /~/Views/MailTemplate/index.cshtml could not be found by the RazorLightProject of type RazorLight.Razor.FileSystemRazorProject and does not exist in dynamic templates. Set RazorLightOptions.EnableDebugMode to true to allow the "KnownDynamicTemplateKeys" and "KnownProjectTemplateKeys" properties on this exception to be set.
2024-12-23 16:12:25.357 +07:00 [ERR] Checkout Exception:RazorLightProjectItem of type RazorLight.Razor.FileSystemRazorProjectItem with key /~/Views/MailTemplate/index.cshtml could not be found by the RazorLightProject of type RazorLight.Razor.FileSystemRazorProject and does not exist in dynamic templates. Set RazorLightOptions.EnableDebugMode to true to allow the "KnownDynamicTemplateKeys" and "KnownProjectTemplateKeys" properties on this exception to be set.
2024-12-23 16:12:45.893 +07:00 [ERR] Checkout Exception:RazorLightProjectItem of type RazorLight.Razor.FileSystemRazorProjectItem with key /~/Views/MailTemplate/index.cshtml could not be found by the RazorLightProject of type RazorLight.Razor.FileSystemRazorProject and does not exist in dynamic templates. Set RazorLightOptions.EnableDebugMode to true to allow the "KnownDynamicTemplateKeys" and "KnownProjectTemplateKeys" properties on this exception to be set.
2024-12-23 16:12:50.612 +07:00 [ERR] Checkout Exception:Can't load metadata reference from the entry assembly. Make sure PreserveCompilationContext is set to true in *.csproj file
2024-12-23 16:13:10.550 +07:00 [ERR] Checkout Exception:Can't load metadata reference from the entry assembly. Make sure PreserveCompilationContext is set to true in *.csproj file
2024-12-23 16:14:17.659 +07:00 [INF] Initialized Scheduler Signaller of type: Quartz.Core.SchedulerSignalerImpl
2024-12-23 16:14:17.678 +07:00 [INF] Quartz Scheduler created
2024-12-23 16:14:17.678 +07:00 [INF] JobFactory set to: Quartz.Simpl.MicrosoftDependencyInjectionJobFactory
2024-12-23 16:14:17.678 +07:00 [INF] RAMJobStore initialized.
2024-12-23 16:14:17.679 +07:00 [INF] Quartz Scheduler 3.13.1.0 - 'QuartzScheduler' with instanceId 'NON_CLUSTERED' initialized
2024-12-23 16:14:17.679 +07:00 [INF] Using thread pool 'Quartz.Simpl.DefaultThreadPool', size: 10
2024-12-23 16:14:17.679 +07:00 [INF] Using job store 'Quartz.Simpl.RAMJobStore', supports persistence: False, clustered: False
2024-12-23 16:14:17.736 +07:00 [INF] Scheduler QuartzScheduler_$_NON_CLUSTERED started.
2024-12-23 16:14:41.329 +07:00 [WRN] Failed to determine the https port for redirect.
2024-12-23 16:14:41.840 +07:00 [ERR] Checkout Exception:Index was out of range. Must be non-negative and less than the size of the collection. (Parameter 'index')
2024-12-23 16:15:08.090 +07:00 [WRN] Compiling a query which loads related collections for more than one collection navigation, either via 'Include' or through projection, but no 'QuerySplittingBehavior' has been configured. By default, Entity Framework will use 'QuerySplittingBehavior.SingleQuery', which can potentially result in slow query performance. See https://go.microsoft.com/fwlink/?linkid=2134277 for more information. To identify the query that's triggering this warning call 'ConfigureWarnings(w => w.Throw(RelationalEventId.MultipleCollectionIncludeWarning))'.
2024-12-23 16:15:16.621 +07:00 [ERR] Checkout Exception:Failed to compile generated Razor template:
- (11:69) The type or namespace name 'Order' could not be found (are you missing a using directive or an assembly reference?)

See CompilationErrors for detailed information

2024-12-23 16:18:09.038 +07:00 [ERR] Checkout Exception:Failed to compile generated Razor template:
- (11:69) The type or namespace name 'Order' could not be found (are you missing a using directive or an assembly reference?)

See CompilationErrors for detailed information

2024-12-23 16:18:27.924 +07:00 [ERR] Checkout Exception:Failed to compile generated Razor template:
- (11:69) The type or namespace name 'Order' could not be found (are you missing a using directive or an assembly reference?)

See CompilationErrors for detailed information

2024-12-23 16:18:36.812 +07:00 [ERR] Checkout Exception:Failed to compile generated Razor template:
- (11:69) The type or namespace name 'Order' could not be found (are you missing a using directive or an assembly reference?)

See CompilationErrors for detailed information

2024-12-23 16:18:45.603 +07:00 [ERR] Checkout Exception:Failed to compile generated Razor template:
- (11:69) The type or namespace name 'Order' could not be found (are you missing a using directive or an assembly reference?)

See CompilationErrors for detailed information

2024-12-23 16:52:49.073 +07:00 [ERR] Checkout Exception:Failed to compile generated Razor template:
- (11:69) The type or namespace name 'Order' could not be found (are you missing a using directive or an assembly reference?)

See CompilationErrors for detailed information

2024-12-23 16:52:55.736 +07:00 [ERR] Checkout Exception:Failed to compile generated Razor template:
- (11:69) The type or namespace name 'Order' could not be found (are you missing a using directive or an assembly reference?)

See CompilationErrors for detailed information

2024-12-23 16:53:11.704 +07:00 [ERR] Checkout Exception:Failed to compile generated Razor template:
- (11:69) The type or namespace name 'Order' could not be found (are you missing a using directive or an assembly reference?)

See CompilationErrors for detailed information

2024-12-23 16:53:14.308 +07:00 [ERR] Checkout Exception:Failed to compile generated Razor template:
- (11:69) The type or namespace name 'Order' could not be found (are you missing a using directive or an assembly reference?)

See CompilationErrors for detailed information

2024-12-23 16:53:16.333 +07:00 [ERR] Checkout Exception:Failed to compile generated Razor template:
- (11:69) The type or namespace name 'Order' could not be found (are you missing a using directive or an assembly reference?)

See CompilationErrors for detailed information

2024-12-23 16:53:19.452 +07:00 [ERR] Checkout Exception:Failed to compile generated Razor template:
- (11:69) The type or namespace name 'Order' could not be found (are you missing a using directive or an assembly reference?)

See CompilationErrors for detailed information

2024-12-23 16:53:22.159 +07:00 [ERR] Checkout Exception:Failed to compile generated Razor template:
- (11:69) The type or namespace name 'Order' could not be found (are you missing a using directive or an assembly reference?)

See CompilationErrors for detailed information

2024-12-23 16:53:34.253 +07:00 [ERR] Checkout Exception:Failed to compile generated Razor template:
- (11:69) The type or namespace name 'Order' could not be found (are you missing a using directive or an assembly reference?)

See CompilationErrors for detailed information

2024-12-23 16:53:48.261 +07:00 [ERR] Checkout Exception:Failed to compile generated Razor template:
- (11:69) The type or namespace name 'Order' could not be found (are you missing a using directive or an assembly reference?)

See CompilationErrors for detailed information

2024-12-23 16:53:50.344 +07:00 [ERR] Checkout Exception:Failed to compile generated Razor template:
- (11:69) The type or namespace name 'Order' could not be found (are you missing a using directive or an assembly reference?)

See CompilationErrors for detailed information

2024-12-23 16:54:01.211 +07:00 [ERR] Checkout Exception:Failed to compile generated Razor template:
- (11:69) The type or namespace name 'Order' could not be found (are you missing a using directive or an assembly reference?)

See CompilationErrors for detailed information

2024-12-23 16:54:21.024 +07:00 [ERR] Checkout Exception:Failed to compile generated Razor template:
- (11:69) The type or namespace name 'Order' could not be found (are you missing a using directive or an assembly reference?)

See CompilationErrors for detailed information

2024-12-23 16:54:41.368 +07:00 [ERR] Checkout Exception:Failed to compile generated Razor template:
- (11:69) The type or namespace name 'Order' could not be found (are you missing a using directive or an assembly reference?)

See CompilationErrors for detailed information

2024-12-23 17:29:39.229 +07:00 [ERR] Checkout Exception:Failed to compile generated Razor template:
- (11:69) The type or namespace name 'Order' could not be found (are you missing a using directive or an assembly reference?)

See CompilationErrors for detailed information

2024-12-23 17:29:39.233 +07:00 [ERR] Checkout Exception:Failed to compile generated Razor template:
- (11:69) The type or namespace name 'Order' could not be found (are you missing a using directive or an assembly reference?)

See CompilationErrors for detailed information

2024-12-23 17:29:39.350 +07:00 [ERR] Checkout Exception:Failed to compile generated Razor template:
- (11:69) The type or namespace name 'Order' could not be found (are you missing a using directive or an assembly reference?)

See CompilationErrors for detailed information

2024-12-23 17:29:40.639 +07:00 [INF] Scheduler QuartzScheduler_$_NON_CLUSTERED shutting down.
2024-12-23 17:29:40.641 +07:00 [INF] Scheduler QuartzScheduler_$_NON_CLUSTERED paused.
2024-12-23 17:29:40.650 +07:00 [INF] Scheduler QuartzScheduler_$_NON_CLUSTERED Shutdown complete.
2024-12-23 20:02:26.060 +07:00 [INF] Initialized Scheduler Signaller of type: Quartz.Core.SchedulerSignalerImpl
2024-12-23 20:02:26.078 +07:00 [INF] Quartz Scheduler created
2024-12-23 20:02:26.079 +07:00 [INF] JobFactory set to: Quartz.Simpl.MicrosoftDependencyInjectionJobFactory
2024-12-23 20:02:26.079 +07:00 [INF] RAMJobStore initialized.
2024-12-23 20:02:26.079 +07:00 [INF] Quartz Scheduler 3.13.1.0 - 'QuartzScheduler' with instanceId 'NON_CLUSTERED' initialized
2024-12-23 20:02:26.079 +07:00 [INF] Using thread pool 'Quartz.Simpl.DefaultThreadPool', size: 10
2024-12-23 20:02:26.079 +07:00 [INF] Using job store 'Quartz.Simpl.RAMJobStore', supports persistence: False, clustered: False
2024-12-23 20:02:26.148 +07:00 [INF] Scheduler QuartzScheduler_$_NON_CLUSTERED started.
2024-12-23 20:04:14.787 +07:00 [WRN] Failed to determine the https port for redirect.
2024-12-23 20:04:21.873 +07:00 [WRN] Compiling a query which loads related collections for more than one collection navigation, either via 'Include' or through projection, but no 'QuerySplittingBehavior' has been configured. By default, Entity Framework will use 'QuerySplittingBehavior.SingleQuery', which can potentially result in slow query performance. See https://go.microsoft.com/fwlink/?linkid=2134277 for more information. To identify the query that's triggering this warning call 'ConfigureWarnings(w => w.Throw(RelationalEventId.MultipleCollectionIncludeWarning))'.
2024-12-23 20:05:07.212 +07:00 [ERR] Checkout Exception:Failed to compile generated Razor template:
- (11:69) The type or namespace name 'Order' could not be found (are you missing a using directive or an assembly reference?)

See CompilationErrors for detailed information

2024-12-23 20:06:50.414 +07:00 [ERR] Checkout Exception:Failed to compile generated Razor template:
- (11:69) The type or namespace name 'Order' could not be found (are you missing a using directive or an assembly reference?)

See CompilationErrors for detailed information

2024-12-23 20:06:50.460 +07:00 [ERR] Checkout Exception:Failed to compile generated Razor template:
- (11:69) The type or namespace name 'Order' could not be found (are you missing a using directive or an assembly reference?)

See CompilationErrors for detailed information

2024-12-23 20:08:04.265 +07:00 [ERR] Checkout Exception:Failed to compile generated Razor template:
- (11:69) The type or namespace name 'Order' could not be found (are you missing a using directive or an assembly reference?)

See CompilationErrors for detailed information

2024-12-23 20:08:07.098 +07:00 [ERR] Checkout Exception:Failed to compile generated Razor template:
- (11:69) The type or namespace name 'Order' could not be found (are you missing a using directive or an assembly reference?)

See CompilationErrors for detailed information

2024-12-23 20:08:10.714 +07:00 [ERR] Checkout Exception:RazorLightProjectItem of type RazorLight.Razor.FileSystemRazorProjectItem with key /MailTemplate/indexsss.cshtml could not be found by the RazorLightProject of type RazorLight.Razor.FileSystemRazorProject and does not exist in dynamic templates. Set RazorLightOptions.EnableDebugMode to true to allow the "KnownDynamicTemplateKeys" and "KnownProjectTemplateKeys" properties on this exception to be set.
2024-12-23 20:08:10.776 +07:00 [ERR] Checkout Exception:RazorLightProjectItem of type RazorLight.Razor.FileSystemRazorProjectItem with key /MailTemplate/indexsss.cshtml could not be found by the RazorLightProject of type RazorLight.Razor.FileSystemRazorProject and does not exist in dynamic templates. Set RazorLightOptions.EnableDebugMode to true to allow the "KnownDynamicTemplateKeys" and "KnownProjectTemplateKeys" properties on this exception to be set.
2024-12-23 20:08:15.083 +07:00 [ERR] Checkout Exception:RazorLightProjectItem of type RazorLight.Razor.FileSystemRazorProjectItem with key /MailTemplate/indexsss.cshtml could not be found by the RazorLightProject of type RazorLight.Razor.FileSystemRazorProject and does not exist in dynamic templates. Set RazorLightOptions.EnableDebugMode to true to allow the "KnownDynamicTemplateKeys" and "KnownProjectTemplateKeys" properties on this exception to be set.
2024-12-23 20:08:27.224 +07:00 [ERR] Checkout Exception:Failed to compile generated Razor template:
- (11:69) The type or namespace name 'Order' could not be found (are you missing a using directive or an assembly reference?)

See CompilationErrors for detailed information

2024-12-23 20:08:35.390 +07:00 [ERR] Checkout Exception:Failed to compile generated Razor template:
- (11:69) The type or namespace name 'Order' could not be found (are you missing a using directive or an assembly reference?)

See CompilationErrors for detailed information

2024-12-23 20:08:35.499 +07:00 [ERR] Checkout Exception:Failed to compile generated Razor template:
- (11:69) The type or namespace name 'Order' could not be found (are you missing a using directive or an assembly reference?)

See CompilationErrors for detailed information

2024-12-23 20:08:46.783 +07:00 [ERR] Checkout Exception:Failed to compile generated Razor template:
- (11:69) The type or namespace name 'Order' could not be found (are you missing a using directive or an assembly reference?)

See CompilationErrors for detailed information

2024-12-23 20:09:47.955 +07:00 [INF] Initialized Scheduler Signaller of type: Quartz.Core.SchedulerSignalerImpl
2024-12-23 20:09:47.976 +07:00 [INF] Quartz Scheduler created
2024-12-23 20:09:47.976 +07:00 [INF] JobFactory set to: Quartz.Simpl.MicrosoftDependencyInjectionJobFactory
2024-12-23 20:09:47.976 +07:00 [INF] RAMJobStore initialized.
2024-12-23 20:09:47.977 +07:00 [INF] Quartz Scheduler 3.13.1.0 - 'QuartzScheduler' with instanceId 'NON_CLUSTERED' initialized
2024-12-23 20:09:47.977 +07:00 [INF] Using thread pool 'Quartz.Simpl.DefaultThreadPool', size: 10
2024-12-23 20:09:47.977 +07:00 [INF] Using job store 'Quartz.Simpl.RAMJobStore', supports persistence: False, clustered: False
2024-12-23 20:09:48.036 +07:00 [INF] Scheduler QuartzScheduler_$_NON_CLUSTERED started.
2024-12-23 20:10:11.872 +07:00 [WRN] Failed to determine the https port for redirect.
2024-12-23 20:10:12.396 +07:00 [ERR] Checkout Exception:Index was out of range. Must be non-negative and less than the size of the collection. (Parameter 'index')
2024-12-23 20:10:20.167 +07:00 [WRN] Compiling a query which loads related collections for more than one collection navigation, either via 'Include' or through projection, but no 'QuerySplittingBehavior' has been configured. By default, Entity Framework will use 'QuerySplittingBehavior.SingleQuery', which can potentially result in slow query performance. See https://go.microsoft.com/fwlink/?linkid=2134277 for more information. To identify the query that's triggering this warning call 'ConfigureWarnings(w => w.Throw(RelationalEventId.MultipleCollectionIncludeWarning))'.
2024-12-23 20:10:33.862 +07:00 [ERR] Checkout Exception:Failed to compile generated Razor template:
- (11:69) The type or namespace name 'Order' could not be found (are you missing a using directive or an assembly reference?)

See CompilationErrors for detailed information

2024-12-23 20:11:56.891 +07:00 [INF] Scheduler QuartzScheduler_$_NON_CLUSTERED shutting down.
2024-12-23 20:11:56.892 +07:00 [INF] Scheduler QuartzScheduler_$_NON_CLUSTERED paused.
2024-12-23 20:11:56.894 +07:00 [INF] Scheduler QuartzScheduler_$_NON_CLUSTERED Shutdown complete.
2024-12-23 20:12:07.154 +07:00 [INF] Initialized Scheduler Signaller of type: Quartz.Core.SchedulerSignalerImpl
2024-12-23 20:12:07.174 +07:00 [INF] Quartz Scheduler created
2024-12-23 20:12:07.174 +07:00 [INF] JobFactory set to: Quartz.Simpl.MicrosoftDependencyInjectionJobFactory
2024-12-23 20:12:07.174 +07:00 [INF] RAMJobStore initialized.
2024-12-23 20:12:07.175 +07:00 [INF] Quartz Scheduler 3.13.1.0 - 'QuartzScheduler' with instanceId 'NON_CLUSTERED' initialized
2024-12-23 20:12:07.175 +07:00 [INF] Using thread pool 'Quartz.Simpl.DefaultThreadPool', size: 10
2024-12-23 20:12:07.175 +07:00 [INF] Using job store 'Quartz.Simpl.RAMJobStore', supports persistence: False, clustered: False
2024-12-23 20:12:07.225 +07:00 [INF] Scheduler QuartzScheduler_$_NON_CLUSTERED started.
2024-12-23 20:12:18.318 +07:00 [WRN] Failed to determine the https port for redirect.
2024-12-23 20:12:21.523 +07:00 [WRN] Compiling a query which loads related collections for more than one collection navigation, either via 'Include' or through projection, but no 'QuerySplittingBehavior' has been configured. By default, Entity Framework will use 'QuerySplittingBehavior.SingleQuery', which can potentially result in slow query performance. See https://go.microsoft.com/fwlink/?linkid=2134277 for more information. To identify the query that's triggering this warning call 'ConfigureWarnings(w => w.Throw(RelationalEventId.MultipleCollectionIncludeWarning))'.
2024-12-23 20:12:36.270 +07:00 [ERR] Checkout Exception:Failed to compile generated Razor template:
- (11:69) The type or namespace name 'Order' could not be found (are you missing a using directive or an assembly reference?)

See CompilationErrors for detailed information

2024-12-23 20:13:39.011 +07:00 [INF] Initialized Scheduler Signaller of type: Quartz.Core.SchedulerSignalerImpl
2024-12-23 20:13:39.026 +07:00 [INF] Quartz Scheduler created
2024-12-23 20:13:39.027 +07:00 [INF] JobFactory set to: Quartz.Simpl.MicrosoftDependencyInjectionJobFactory
2024-12-23 20:13:39.027 +07:00 [INF] RAMJobStore initialized.
2024-12-23 20:13:39.027 +07:00 [INF] Quartz Scheduler 3.13.1.0 - 'QuartzScheduler' with instanceId 'NON_CLUSTERED' initialized
2024-12-23 20:13:39.027 +07:00 [INF] Using thread pool 'Quartz.Simpl.DefaultThreadPool', size: 10
2024-12-23 20:13:39.027 +07:00 [INF] Using job store 'Quartz.Simpl.RAMJobStore', supports persistence: False, clustered: False
2024-12-23 20:13:39.085 +07:00 [INF] Scheduler QuartzScheduler_$_NON_CLUSTERED started.
2024-12-23 20:13:41.826 +07:00 [WRN] Failed to determine the https port for redirect.
2024-12-23 20:13:44.355 +07:00 [WRN] Compiling a query which loads related collections for more than one collection navigation, either via 'Include' or through projection, but no 'QuerySplittingBehavior' has been configured. By default, Entity Framework will use 'QuerySplittingBehavior.SingleQuery', which can potentially result in slow query performance. See https://go.microsoft.com/fwlink/?linkid=2134277 for more information. To identify the query that's triggering this warning call 'ConfigureWarnings(w => w.Throw(RelationalEventId.MultipleCollectionIncludeWarning))'.
2024-12-23 20:13:53.128 +07:00 [ERR] Checkout Exception:Failed to compile generated Razor template:
- (11:69) The type or namespace name 'Order' could not be found (are you missing a using directive or an assembly reference?)

See CompilationErrors for detailed information

2024-12-23 20:18:05.095 +07:00 [ERR] Checkout Exception:Failed to compile generated Razor template:
- (11:69) The type or namespace name 'Order' could not be found (are you missing a using directive or an assembly reference?)

See CompilationErrors for detailed information

2024-12-23 20:18:08.641 +07:00 [ERR] Checkout Exception:Failed to compile generated Razor template:
- (11:69) The type or namespace name 'Order' could not be found (are you missing a using directive or an assembly reference?)

See CompilationErrors for detailed information

2024-12-23 20:18:10.108 +07:00 [ERR] Checkout Exception:Failed to compile generated Razor template:
- (11:69) The type or namespace name 'Order' could not be found (are you missing a using directive or an assembly reference?)

See CompilationErrors for detailed information

2024-12-23 20:18:15.476 +07:00 [ERR] Checkout Exception:Failed to compile generated Razor template:
- (11:69) The type or namespace name 'Order' could not be found (are you missing a using directive or an assembly reference?)

See CompilationErrors for detailed information

2024-12-23 20:18:31.277 +07:00 [ERR] Checkout Exception:Failed to compile generated Razor template:
- (11:69) The type or namespace name 'Order' could not be found (are you missing a using directive or an assembly reference?)

See CompilationErrors for detailed information

2024-12-23 20:18:33.478 +07:00 [ERR] Checkout Exception:Failed to compile generated Razor template:
- (11:69) The type or namespace name 'Order' could not be found (are you missing a using directive or an assembly reference?)

See CompilationErrors for detailed information

2024-12-23 20:18:33.591 +07:00 [ERR] Checkout Exception:Failed to compile generated Razor template:
- (11:69) The type or namespace name 'Order' could not be found (are you missing a using directive or an assembly reference?)

See CompilationErrors for detailed information

2024-12-23 20:18:33.594 +07:00 [ERR] Checkout Exception:Failed to compile generated Razor template:
- (11:69) The type or namespace name 'Order' could not be found (are you missing a using directive or an assembly reference?)

See CompilationErrors for detailed information

2024-12-23 20:18:33.823 +07:00 [ERR] Checkout Exception:Failed to compile generated Razor template:
- (11:69) The type or namespace name 'Order' could not be found (are you missing a using directive or an assembly reference?)

See CompilationErrors for detailed information

2024-12-23 20:18:33.927 +07:00 [ERR] Checkout Exception:Failed to compile generated Razor template:
- (11:69) The type or namespace name 'Order' could not be found (are you missing a using directive or an assembly reference?)

See CompilationErrors for detailed information

2024-12-23 20:18:33.929 +07:00 [ERR] Checkout Exception:Failed to compile generated Razor template:
- (11:69) The type or namespace name 'Order' could not be found (are you missing a using directive or an assembly reference?)

See CompilationErrors for detailed information

2024-12-23 20:18:43.949 +07:00 [ERR] Checkout Exception:Failed to compile generated Razor template:
- (11:69) The type or namespace name 'Order' could not be found (are you missing a using directive or an assembly reference?)

See CompilationErrors for detailed information

2024-12-23 20:19:33.974 +07:00 [ERR] Checkout Exception:Object reference not set to an instance of an object.
2024-12-23 20:19:33.974 +07:00 [ERR] Checkout Exception:Object reference not set to an instance of an object.
2024-12-23 20:19:34.244 +07:00 [ERR] Checkout Exception:Object reference not set to an instance of an object.
2024-12-23 20:19:34.328 +07:00 [ERR] Checkout Exception:Object reference not set to an instance of an object.
2024-12-23 20:19:34.751 +07:00 [ERR] Checkout Exception:Object reference not set to an instance of an object.
2024-12-23 20:19:34.917 +07:00 [ERR] Checkout Exception:Object reference not set to an instance of an object.
2024-12-23 20:19:35.495 +07:00 [ERR] Checkout Exception:Object reference not set to an instance of an object.
2024-12-23 20:19:39.557 +07:00 [ERR] Checkout Exception:Object reference not set to an instance of an object.
2024-12-23 20:19:48.265 +07:00 [ERR] Checkout Exception:Object reference not set to an instance of an object.
2024-12-23 20:19:58.322 +07:00 [ERR] Checkout Exception:Object reference not set to an instance of an object.
2024-12-23 20:20:08.222 +07:00 [ERR] Checkout Exception:Object reference not set to an instance of an object.
2024-12-23 20:20:54.277 +07:00 [ERR] Checkout Exception:Object reference not set to an instance of an object.
2024-12-23 20:20:54.351 +07:00 [ERR] Checkout Exception:Object reference not set to an instance of an object.
2024-12-23 20:21:43.460 +07:00 [ERR] Checkout Exception:Self referencing loop detected for property 'Order' with type 'Ecommerce_Product.Models.Order'. Path 'OrderDetails[0]'.
2024-12-23 20:21:43.498 +07:00 [ERR] Checkout Exception:Self referencing loop detected for property 'Order' with type 'Ecommerce_Product.Models.Order'. Path 'OrderDetails[0]'.
2024-12-23 20:21:44.953 +07:00 [ERR] Checkout Exception:Self referencing loop detected for property 'Order' with type 'Ecommerce_Product.Models.Order'. Path 'OrderDetails[0]'.
2024-12-23 20:21:56.973 +07:00 [ERR] Checkout Exception:Object reference not set to an instance of an object.
2024-12-23 20:21:56.973 +07:00 [ERR] Checkout Exception:Object reference not set to an instance of an object.
2024-12-23 20:23:31.867 +07:00 [ERR] Checkout Exception:Object reference not set to an instance of an object.
2024-12-23 20:23:54.620 +07:00 [ERR] Checkout Exception:Object reference not set to an instance of an object.
2024-12-23 20:23:58.422 +07:00 [ERR] Checkout Exception:Object reference not set to an instance of an object.
2024-12-23 20:24:02.532 +07:00 [ERR] Checkout Exception:Object reference not set to an instance of an object.
2024-12-23 20:24:24.365 +07:00 [ERR] Checkout Exception:Object reference not set to an instance of an object.
2024-12-23 20:24:29.159 +07:00 [ERR] Checkout Exception:Object reference not set to an instance of an object.
2024-12-23 20:24:31.863 +07:00 [ERR] Checkout Exception:Object reference not set to an instance of an object.
2024-12-23 20:24:35.206 +07:00 [ERR] Checkout Exception:Object reference not set to an instance of an object.
2024-12-23 20:24:45.795 +07:00 [ERR] Checkout Exception:Object reference not set to an instance of an object.
2024-12-23 20:24:48.431 +07:00 [ERR] Checkout Exception:Object reference not set to an instance of an object.
2024-12-23 20:24:48.529 +07:00 [ERR] Checkout Exception:Object reference not set to an instance of an object.
2024-12-23 20:24:58.530 +07:00 [ERR] Checkout Exception:Object reference not set to an instance of an object.
2024-12-23 20:25:12.315 +07:00 [ERR] Checkout Exception:Object reference not set to an instance of an object.
2024-12-23 20:25:46.502 +07:00 [ERR] Checkout Exception:Index was out of range. Must be non-negative and less than the size of the collection. (Parameter 'index')
2024-12-23 20:25:46.542 +07:00 [ERR] Checkout Exception:Index was out of range. Must be non-negative and less than the size of the collection. (Parameter 'index')
2024-12-23 20:25:50.018 +07:00 [ERR] Checkout Exception:Index was out of range. Must be non-negative and less than the size of the collection. (Parameter 'index')
2024-12-23 20:25:52.726 +07:00 [ERR] Checkout Exception:Index was out of range. Must be non-negative and less than the size of the collection. (Parameter 'index')
2024-12-23 20:29:28.346 +07:00 [ERR] An unhandled exception has occurred while executing the request.
System.InvalidOperationException: Multiple constructors accepting all given argument types have been found in type 'Ecommerce_Product.Controllers.CheckoutController'. There should only be one applicable constructor.
   at Microsoft.Extensions.DependencyInjection.ActivatorUtilities.TryFindMatchingConstructor(Type instanceType, Type[] argumentTypes, ConstructorInfo& matchingConstructor, Nullable`1[]& parameterMap)
   at Microsoft.Extensions.DependencyInjection.ActivatorUtilities.FindApplicableConstructor(Type instanceType, Type[] argumentTypes, ConstructorInfoEx[] constructors, ConstructorInfo& matchingConstructor, Nullable`1[]& matchingParameterMap)
   at Microsoft.Extensions.DependencyInjection.ActivatorUtilities.CreateFactoryInternal(Type instanceType, Type[] argumentTypes, ParameterExpression& provider, ParameterExpression& argumentArray, Expression& factoryExpressionBody)
   at Microsoft.Extensions.DependencyInjection.ActivatorUtilities.CreateFactory(Type instanceType, Type[] argumentTypes)
   at Microsoft.AspNetCore.Mvc.Controllers.ControllerActivatorProvider.CreateActivator(ControllerActionDescriptor descriptor)
   at Microsoft.AspNetCore.Mvc.Controllers.ControllerFactoryProvider.CreateControllerFactory(ControllerActionDescriptor descriptor)
   at Microsoft.AspNetCore.Mvc.Infrastructure.ControllerActionInvokerCache.GetCachedResult(ControllerContext controllerContext)
   at Microsoft.AspNetCore.Mvc.Routing.ControllerRequestDelegateFactory.<>c__DisplayClass12_0.<CreateRequestDelegate>b__0(HttpContext context)
   at Microsoft.AspNetCore.Routing.EndpointMiddleware.Invoke(HttpContext httpContext)
   at Ecommerce_Product.Support_Serive.NotFoundMiddleware.InvokeAsync(HttpContext context)
   at Microsoft.AspNetCore.Authorization.AuthorizationMiddleware.Invoke(HttpContext context)
   at Microsoft.AspNetCore.Authentication.AuthenticationMiddleware.Invoke(HttpContext context)
   at Microsoft.AspNetCore.Diagnostics.DeveloperExceptionPageMiddlewareImpl.Invoke(HttpContext context)
2024-12-23 20:29:57.574 +07:00 [ERR] An unhandled exception has occurred while executing the request.
System.InvalidOperationException: Multiple constructors accepting all given argument types have been found in type 'Ecommerce_Product.Controllers.CheckoutController'. There should only be one applicable constructor.
   at Microsoft.Extensions.DependencyInjection.ActivatorUtilities.TryFindMatchingConstructor(Type instanceType, Type[] argumentTypes, ConstructorInfo& matchingConstructor, Nullable`1[]& parameterMap)
   at Microsoft.Extensions.DependencyInjection.ActivatorUtilities.FindApplicableConstructor(Type instanceType, Type[] argumentTypes, ConstructorInfoEx[] constructors, ConstructorInfo& matchingConstructor, Nullable`1[]& matchingParameterMap)
   at Microsoft.Extensions.DependencyInjection.ActivatorUtilities.CreateFactoryInternal(Type instanceType, Type[] argumentTypes, ParameterExpression& provider, ParameterExpression& argumentArray, Expression& factoryExpressionBody)
   at Microsoft.Extensions.DependencyInjection.ActivatorUtilities.CreateFactory(Type instanceType, Type[] argumentTypes)
   at Microsoft.AspNetCore.Mvc.Controllers.ControllerActivatorProvider.CreateActivator(ControllerActionDescriptor descriptor)
   at Microsoft.AspNetCore.Mvc.Controllers.ControllerFactoryProvider.CreateControllerFactory(ControllerActionDescriptor descriptor)
   at Microsoft.AspNetCore.Mvc.Infrastructure.ControllerActionInvokerCache.GetCachedResult(ControllerContext controllerContext)
   at Microsoft.AspNetCore.Mvc.Routing.ControllerRequestDelegateFactory.<>c__DisplayClass12_0.<CreateRequestDelegate>b__0(HttpContext context)
   at Microsoft.AspNetCore.Routing.EndpointMiddleware.Invoke(HttpContext httpContext)
   at Ecommerce_Product.Support_Serive.NotFoundMiddleware.InvokeAsync(HttpContext context)
   at Microsoft.AspNetCore.Authorization.AuthorizationMiddleware.Invoke(HttpContext context)
   at Microsoft.AspNetCore.Authentication.AuthenticationMiddleware.Invoke(HttpContext context)
   at Microsoft.AspNetCore.Diagnostics.DeveloperExceptionPageMiddlewareImpl.Invoke(HttpContext context)
2024-12-23 20:29:58.916 +07:00 [ERR] An unhandled exception has occurred while executing the request.
System.InvalidOperationException: Multiple constructors accepting all given argument types have been found in type 'Ecommerce_Product.Controllers.CheckoutController'. There should only be one applicable constructor.
   at Microsoft.Extensions.DependencyInjection.ActivatorUtilities.TryFindMatchingConstructor(Type instanceType, Type[] argumentTypes, ConstructorInfo& matchingConstructor, Nullable`1[]& parameterMap)
   at Microsoft.Extensions.DependencyInjection.ActivatorUtilities.FindApplicableConstructor(Type instanceType, Type[] argumentTypes, ConstructorInfoEx[] constructors, ConstructorInfo& matchingConstructor, Nullable`1[]& matchingParameterMap)
   at Microsoft.Extensions.DependencyInjection.ActivatorUtilities.CreateFactoryInternal(Type instanceType, Type[] argumentTypes, ParameterExpression& provider, ParameterExpression& argumentArray, Expression& factoryExpressionBody)
   at Microsoft.Extensions.DependencyInjection.ActivatorUtilities.CreateFactory(Type instanceType, Type[] argumentTypes)
   at Microsoft.AspNetCore.Mvc.Controllers.ControllerActivatorProvider.CreateActivator(ControllerActionDescriptor descriptor)
   at Microsoft.AspNetCore.Mvc.Controllers.ControllerFactoryProvider.CreateControllerFactory(ControllerActionDescriptor descriptor)
   at Microsoft.AspNetCore.Mvc.Infrastructure.ControllerActionInvokerCache.GetCachedResult(ControllerContext controllerContext)
   at Microsoft.AspNetCore.Mvc.Routing.ControllerRequestDelegateFactory.<>c__DisplayClass12_0.<CreateRequestDelegate>b__0(HttpContext context)
   at Microsoft.AspNetCore.Routing.EndpointMiddleware.Invoke(HttpContext httpContext)
   at Ecommerce_Product.Support_Serive.NotFoundMiddleware.InvokeAsync(HttpContext context)
   at Microsoft.AspNetCore.Authorization.AuthorizationMiddleware.Invoke(HttpContext context)
   at Microsoft.AspNetCore.Authentication.AuthenticationMiddleware.Invoke(HttpContext context)
   at Microsoft.AspNetCore.Diagnostics.DeveloperExceptionPageMiddlewareImpl.Invoke(HttpContext context)
2024-12-23 20:31:06.686 +07:00 [ERR] An unhandled exception has occurred while executing the request.
System.InvalidOperationException: Multiple constructors accepting all given argument types have been found in type 'Ecommerce_Product.Controllers.CheckoutController'. There should only be one applicable constructor.
   at Microsoft.Extensions.DependencyInjection.ActivatorUtilities.TryFindMatchingConstructor(Type instanceType, Type[] argumentTypes, ConstructorInfo& matchingConstructor, Nullable`1[]& parameterMap)
   at Microsoft.Extensions.DependencyInjection.ActivatorUtilities.FindApplicableConstructor(Type instanceType, Type[] argumentTypes, ConstructorInfoEx[] constructors, ConstructorInfo& matchingConstructor, Nullable`1[]& matchingParameterMap)
   at Microsoft.Extensions.DependencyInjection.ActivatorUtilities.CreateFactoryInternal(Type instanceType, Type[] argumentTypes, ParameterExpression& provider, ParameterExpression& argumentArray, Expression& factoryExpressionBody)
   at Microsoft.Extensions.DependencyInjection.ActivatorUtilities.CreateFactory(Type instanceType, Type[] argumentTypes)
   at Microsoft.AspNetCore.Mvc.Controllers.ControllerActivatorProvider.CreateActivator(ControllerActionDescriptor descriptor)
   at Microsoft.AspNetCore.Mvc.Controllers.ControllerFactoryProvider.CreateControllerFactory(ControllerActionDescriptor descriptor)
   at Microsoft.AspNetCore.Mvc.Infrastructure.ControllerActionInvokerCache.GetCachedResult(ControllerContext controllerContext)
   at Microsoft.AspNetCore.Mvc.Routing.ControllerRequestDelegateFactory.<>c__DisplayClass12_0.<CreateRequestDelegate>b__0(HttpContext context)
   at Microsoft.AspNetCore.Routing.EndpointMiddleware.Invoke(HttpContext httpContext)
   at Ecommerce_Product.Support_Serive.NotFoundMiddleware.InvokeAsync(HttpContext context)
   at Microsoft.AspNetCore.Authorization.AuthorizationMiddleware.Invoke(HttpContext context)
   at Microsoft.AspNetCore.Authentication.AuthenticationMiddleware.Invoke(HttpContext context)
   at Microsoft.AspNetCore.Diagnostics.DeveloperExceptionPageMiddlewareImpl.Invoke(HttpContext context)
2024-12-23 20:31:08.964 +07:00 [ERR] An unhandled exception has occurred while executing the request.
System.InvalidOperationException: Multiple constructors accepting all given argument types have been found in type 'Ecommerce_Product.Controllers.CheckoutController'. There should only be one applicable constructor.
   at Microsoft.Extensions.DependencyInjection.ActivatorUtilities.TryFindMatchingConstructor(Type instanceType, Type[] argumentTypes, ConstructorInfo& matchingConstructor, Nullable`1[]& parameterMap)
   at Microsoft.Extensions.DependencyInjection.ActivatorUtilities.FindApplicableConstructor(Type instanceType, Type[] argumentTypes, ConstructorInfoEx[] constructors, ConstructorInfo& matchingConstructor, Nullable`1[]& matchingParameterMap)
   at Microsoft.Extensions.DependencyInjection.ActivatorUtilities.CreateFactoryInternal(Type instanceType, Type[] argumentTypes, ParameterExpression& provider, ParameterExpression& argumentArray, Expression& factoryExpressionBody)
   at Microsoft.Extensions.DependencyInjection.ActivatorUtilities.CreateFactory(Type instanceType, Type[] argumentTypes)
   at Microsoft.AspNetCore.Mvc.Controllers.ControllerActivatorProvider.CreateActivator(ControllerActionDescriptor descriptor)
   at Microsoft.AspNetCore.Mvc.Controllers.ControllerFactoryProvider.CreateControllerFactory(ControllerActionDescriptor descriptor)
   at Microsoft.AspNetCore.Mvc.Infrastructure.ControllerActionInvokerCache.GetCachedResult(ControllerContext controllerContext)
   at Microsoft.AspNetCore.Mvc.Routing.ControllerRequestDelegateFactory.<>c__DisplayClass12_0.<CreateRequestDelegate>b__0(HttpContext context)
   at Microsoft.AspNetCore.Routing.EndpointMiddleware.Invoke(HttpContext httpContext)
   at Ecommerce_Product.Support_Serive.NotFoundMiddleware.InvokeAsync(HttpContext context)
   at Microsoft.AspNetCore.Authorization.AuthorizationMiddleware.Invoke(HttpContext context)
   at Microsoft.AspNetCore.Authentication.AuthenticationMiddleware.Invoke(HttpContext context)
   at Microsoft.AspNetCore.Diagnostics.DeveloperExceptionPageMiddlewareImpl.Invoke(HttpContext context)
2024-12-23 20:31:13.179 +07:00 [ERR] An unhandled exception has occurred while executing the request.
System.InvalidOperationException: Multiple constructors accepting all given argument types have been found in type 'Ecommerce_Product.Controllers.CheckoutController'. There should only be one applicable constructor.
   at Microsoft.Extensions.DependencyInjection.ActivatorUtilities.TryFindMatchingConstructor(Type instanceType, Type[] argumentTypes, ConstructorInfo& matchingConstructor, Nullable`1[]& parameterMap)
   at Microsoft.Extensions.DependencyInjection.ActivatorUtilities.FindApplicableConstructor(Type instanceType, Type[] argumentTypes, ConstructorInfoEx[] constructors, ConstructorInfo& matchingConstructor, Nullable`1[]& matchingParameterMap)
   at Microsoft.Extensions.DependencyInjection.ActivatorUtilities.CreateFactoryInternal(Type instanceType, Type[] argumentTypes, ParameterExpression& provider, ParameterExpression& argumentArray, Expression& factoryExpressionBody)
   at Microsoft.Extensions.DependencyInjection.ActivatorUtilities.CreateFactory(Type instanceType, Type[] argumentTypes)
   at Microsoft.AspNetCore.Mvc.Controllers.ControllerActivatorProvider.CreateActivator(ControllerActionDescriptor descriptor)
   at Microsoft.AspNetCore.Mvc.Controllers.ControllerFactoryProvider.CreateControllerFactory(ControllerActionDescriptor descriptor)
   at Microsoft.AspNetCore.Mvc.Infrastructure.ControllerActionInvokerCache.GetCachedResult(ControllerContext controllerContext)
   at Microsoft.AspNetCore.Mvc.Routing.ControllerRequestDelegateFactory.<>c__DisplayClass12_0.<CreateRequestDelegate>b__0(HttpContext context)
   at Microsoft.AspNetCore.Routing.EndpointMiddleware.Invoke(HttpContext httpContext)
   at Ecommerce_Product.Support_Serive.NotFoundMiddleware.InvokeAsync(HttpContext context)
   at Microsoft.AspNetCore.Authorization.AuthorizationMiddleware.Invoke(HttpContext context)
   at Microsoft.AspNetCore.Authentication.AuthenticationMiddleware.Invoke(HttpContext context)
   at Microsoft.AspNetCore.Diagnostics.DeveloperExceptionPageMiddlewareImpl.Invoke(HttpContext context)
2024-12-23 20:31:18.746 +07:00 [ERR] An unhandled exception has occurred while executing the request.
System.InvalidOperationException: Multiple constructors accepting all given argument types have been found in type 'Ecommerce_Product.Controllers.CheckoutController'. There should only be one applicable constructor.
   at Microsoft.Extensions.DependencyInjection.ActivatorUtilities.TryFindMatchingConstructor(Type instanceType, Type[] argumentTypes, ConstructorInfo& matchingConstructor, Nullable`1[]& parameterMap)
   at Microsoft.Extensions.DependencyInjection.ActivatorUtilities.FindApplicableConstructor(Type instanceType, Type[] argumentTypes, ConstructorInfoEx[] constructors, ConstructorInfo& matchingConstructor, Nullable`1[]& matchingParameterMap)
   at Microsoft.Extensions.DependencyInjection.ActivatorUtilities.CreateFactoryInternal(Type instanceType, Type[] argumentTypes, ParameterExpression& provider, ParameterExpression& argumentArray, Expression& factoryExpressionBody)
   at Microsoft.Extensions.DependencyInjection.ActivatorUtilities.CreateFactory(Type instanceType, Type[] argumentTypes)
   at Microsoft.AspNetCore.Mvc.Controllers.ControllerActivatorProvider.CreateActivator(ControllerActionDescriptor descriptor)
   at Microsoft.AspNetCore.Mvc.Controllers.ControllerFactoryProvider.CreateControllerFactory(ControllerActionDescriptor descriptor)
   at Microsoft.AspNetCore.Mvc.Infrastructure.ControllerActionInvokerCache.GetCachedResult(ControllerContext controllerContext)
   at Microsoft.AspNetCore.Mvc.Routing.ControllerRequestDelegateFactory.<>c__DisplayClass12_0.<CreateRequestDelegate>b__0(HttpContext context)
   at Microsoft.AspNetCore.Routing.EndpointMiddleware.Invoke(HttpContext httpContext)
   at Ecommerce_Product.Support_Serive.NotFoundMiddleware.InvokeAsync(HttpContext context)
   at Microsoft.AspNetCore.Authorization.AuthorizationMiddleware.Invoke(HttpContext context)
   at Microsoft.AspNetCore.Authentication.AuthenticationMiddleware.Invoke(HttpContext context)
   at Microsoft.AspNetCore.Diagnostics.DeveloperExceptionPageMiddlewareImpl.Invoke(HttpContext context)
2024-12-23 20:31:29.392 +07:00 [ERR] An unhandled exception has occurred while executing the request.
System.InvalidOperationException: Multiple constructors accepting all given argument types have been found in type 'Ecommerce_Product.Controllers.CheckoutController'. There should only be one applicable constructor.
   at Microsoft.Extensions.DependencyInjection.ActivatorUtilities.TryFindMatchingConstructor(Type instanceType, Type[] argumentTypes, ConstructorInfo& matchingConstructor, Nullable`1[]& parameterMap)
   at Microsoft.Extensions.DependencyInjection.ActivatorUtilities.FindApplicableConstructor(Type instanceType, Type[] argumentTypes, ConstructorInfoEx[] constructors, ConstructorInfo& matchingConstructor, Nullable`1[]& matchingParameterMap)
   at Microsoft.Extensions.DependencyInjection.ActivatorUtilities.CreateFactoryInternal(Type instanceType, Type[] argumentTypes, ParameterExpression& provider, ParameterExpression& argumentArray, Expression& factoryExpressionBody)
   at Microsoft.Extensions.DependencyInjection.ActivatorUtilities.CreateFactory(Type instanceType, Type[] argumentTypes)
   at Microsoft.AspNetCore.Mvc.Controllers.ControllerActivatorProvider.CreateActivator(ControllerActionDescriptor descriptor)
   at Microsoft.AspNetCore.Mvc.Controllers.ControllerFactoryProvider.CreateControllerFactory(ControllerActionDescriptor descriptor)
   at Microsoft.AspNetCore.Mvc.Infrastructure.ControllerActionInvokerCache.GetCachedResult(ControllerContext controllerContext)
   at Microsoft.AspNetCore.Mvc.Routing.ControllerRequestDelegateFactory.<>c__DisplayClass12_0.<CreateRequestDelegate>b__0(HttpContext context)
   at Microsoft.AspNetCore.Routing.EndpointMiddleware.Invoke(HttpContext httpContext)
   at Ecommerce_Product.Support_Serive.NotFoundMiddleware.InvokeAsync(HttpContext context)
   at Microsoft.AspNetCore.Authorization.AuthorizationMiddleware.Invoke(HttpContext context)
   at Microsoft.AspNetCore.Authentication.AuthenticationMiddleware.Invoke(HttpContext context)
   at Microsoft.AspNetCore.Diagnostics.DeveloperExceptionPageMiddlewareImpl.Invoke(HttpContext context)
2024-12-23 20:31:37.632 +07:00 [ERR] An unhandled exception has occurred while executing the request.
System.InvalidOperationException: Multiple constructors accepting all given argument types have been found in type 'Ecommerce_Product.Controllers.CheckoutController'. There should only be one applicable constructor.
   at Microsoft.Extensions.DependencyInjection.ActivatorUtilities.TryFindMatchingConstructor(Type instanceType, Type[] argumentTypes, ConstructorInfo& matchingConstructor, Nullable`1[]& parameterMap)
   at Microsoft.Extensions.DependencyInjection.ActivatorUtilities.FindApplicableConstructor(Type instanceType, Type[] argumentTypes, ConstructorInfoEx[] constructors, ConstructorInfo& matchingConstructor, Nullable`1[]& matchingParameterMap)
   at Microsoft.Extensions.DependencyInjection.ActivatorUtilities.CreateFactoryInternal(Type instanceType, Type[] argumentTypes, ParameterExpression& provider, ParameterExpression& argumentArray, Expression& factoryExpressionBody)
   at Microsoft.Extensions.DependencyInjection.ActivatorUtilities.CreateFactory(Type instanceType, Type[] argumentTypes)
   at Microsoft.AspNetCore.Mvc.Controllers.ControllerActivatorProvider.CreateActivator(ControllerActionDescriptor descriptor)
   at Microsoft.AspNetCore.Mvc.Controllers.ControllerFactoryProvider.CreateControllerFactory(ControllerActionDescriptor descriptor)
   at Microsoft.AspNetCore.Mvc.Infrastructure.ControllerActionInvokerCache.GetCachedResult(ControllerContext controllerContext)
   at Microsoft.AspNetCore.Mvc.Routing.ControllerRequestDelegateFactory.<>c__DisplayClass12_0.<CreateRequestDelegate>b__0(HttpContext context)
   at Microsoft.AspNetCore.Routing.EndpointMiddleware.Invoke(HttpContext httpContext)
   at Ecommerce_Product.Support_Serive.NotFoundMiddleware.InvokeAsync(HttpContext context)
   at Microsoft.AspNetCore.Authorization.AuthorizationMiddleware.Invoke(HttpContext context)
   at Microsoft.AspNetCore.Authentication.AuthenticationMiddleware.Invoke(HttpContext context)
   at Microsoft.AspNetCore.Diagnostics.DeveloperExceptionPageMiddlewareImpl.Invoke(HttpContext context)
2024-12-23 20:31:50.679 +07:00 [ERR] An unhandled exception has occurred while executing the request.
System.InvalidOperationException: Multiple constructors accepting all given argument types have been found in type 'Ecommerce_Product.Controllers.CheckoutController'. There should only be one applicable constructor.
   at Microsoft.Extensions.DependencyInjection.ActivatorUtilities.TryFindMatchingConstructor(Type instanceType, Type[] argumentTypes, ConstructorInfo& matchingConstructor, Nullable`1[]& parameterMap)
   at Microsoft.Extensions.DependencyInjection.ActivatorUtilities.FindApplicableConstructor(Type instanceType, Type[] argumentTypes, ConstructorInfoEx[] constructors, ConstructorInfo& matchingConstructor, Nullable`1[]& matchingParameterMap)
   at Microsoft.Extensions.DependencyInjection.ActivatorUtilities.CreateFactoryInternal(Type instanceType, Type[] argumentTypes, ParameterExpression& provider, ParameterExpression& argumentArray, Expression& factoryExpressionBody)
   at Microsoft.Extensions.DependencyInjection.ActivatorUtilities.CreateFactory(Type instanceType, Type[] argumentTypes)
   at Microsoft.AspNetCore.Mvc.Controllers.ControllerActivatorProvider.CreateActivator(ControllerActionDescriptor descriptor)
   at Microsoft.AspNetCore.Mvc.Controllers.ControllerFactoryProvider.CreateControllerFactory(ControllerActionDescriptor descriptor)
   at Microsoft.AspNetCore.Mvc.Infrastructure.ControllerActionInvokerCache.GetCachedResult(ControllerContext controllerContext)
   at Microsoft.AspNetCore.Mvc.Routing.ControllerRequestDelegateFactory.<>c__DisplayClass12_0.<CreateRequestDelegate>b__0(HttpContext context)
   at Microsoft.AspNetCore.Routing.EndpointMiddleware.Invoke(HttpContext httpContext)
   at Ecommerce_Product.Support_Serive.NotFoundMiddleware.InvokeAsync(HttpContext context)
   at Microsoft.AspNetCore.Authorization.AuthorizationMiddleware.Invoke(HttpContext context)
   at Microsoft.AspNetCore.Authentication.AuthenticationMiddleware.Invoke(HttpContext context)
   at Microsoft.AspNetCore.Diagnostics.DeveloperExceptionPageMiddlewareImpl.Invoke(HttpContext context)
2024-12-23 20:31:51.206 +07:00 [INF] Scheduler QuartzScheduler_$_NON_CLUSTERED shutting down.
2024-12-23 20:31:51.206 +07:00 [INF] Scheduler QuartzScheduler_$_NON_CLUSTERED paused.
2024-12-23 20:31:51.211 +07:00 [INF] Scheduler QuartzScheduler_$_NON_CLUSTERED Shutdown complete.
2024-12-23 20:32:08.203 +07:00 [INF] Initialized Scheduler Signaller of type: Quartz.Core.SchedulerSignalerImpl
2024-12-23 20:32:08.221 +07:00 [INF] Quartz Scheduler created
2024-12-23 20:32:08.221 +07:00 [INF] JobFactory set to: Quartz.Simpl.MicrosoftDependencyInjectionJobFactory
2024-12-23 20:32:08.221 +07:00 [INF] RAMJobStore initialized.
2024-12-23 20:32:08.222 +07:00 [INF] Quartz Scheduler 3.13.1.0 - 'QuartzScheduler' with instanceId 'NON_CLUSTERED' initialized
2024-12-23 20:32:08.222 +07:00 [INF] Using thread pool 'Quartz.Simpl.DefaultThreadPool', size: 10
2024-12-23 20:32:08.222 +07:00 [INF] Using job store 'Quartz.Simpl.RAMJobStore', supports persistence: False, clustered: False
2024-12-23 20:32:08.282 +07:00 [INF] Scheduler QuartzScheduler_$_NON_CLUSTERED started.
2024-12-23 20:32:25.342 +07:00 [WRN] Failed to determine the https port for redirect.
2024-12-23 20:32:30.367 +07:00 [WRN] Compiling a query which loads related collections for more than one collection navigation, either via 'Include' or through projection, but no 'QuerySplittingBehavior' has been configured. By default, Entity Framework will use 'QuerySplittingBehavior.SingleQuery', which can potentially result in slow query performance. See https://go.microsoft.com/fwlink/?linkid=2134277 for more information. To identify the query that's triggering this warning call 'ConfigureWarnings(w => w.Throw(RelationalEventId.MultipleCollectionIncludeWarning))'.
2024-12-23 20:34:40.293 +07:00 [ERR] Checkout Exception:Index was out of range. Must be non-negative and less than the size of the collection. (Parameter 'index')
2024-12-23 20:34:43.439 +07:00 [ERR] Checkout Exception:Index was out of range. Must be non-negative and less than the size of the collection. (Parameter 'index')
2024-12-23 20:34:44.829 +07:00 [ERR] Checkout Exception:Index was out of range. Must be non-negative and less than the size of the collection. (Parameter 'index')
2024-12-23 20:36:25.167 +07:00 [ERR] Checkout Exception:Index was out of range. Must be non-negative and less than the size of the collection. (Parameter 'index')
2024-12-23 20:36:29.483 +07:00 [ERR] Checkout Exception:Index was out of range. Must be non-negative and less than the size of the collection. (Parameter 'index')
2024-12-23 20:36:32.114 +07:00 [ERR] Checkout Exception:Index was out of range. Must be non-negative and less than the size of the collection. (Parameter 'index')
2024-12-23 20:36:43.490 +07:00 [ERR] Checkout Exception:Index was out of range. Must be non-negative and less than the size of the collection. (Parameter 'index')
2024-12-23 20:36:43.520 +07:00 [ERR] Checkout Exception:Index was out of range. Must be non-negative and less than the size of the collection. (Parameter 'index')
2024-12-23 20:38:24.748 +07:00 [ERR] Checkout Exception:Index was out of range. Must be non-negative and less than the size of the collection. (Parameter 'index')
2024-12-23 20:40:49.672 +07:00 [INF] Initialized Scheduler Signaller of type: Quartz.Core.SchedulerSignalerImpl
2024-12-23 20:40:49.688 +07:00 [INF] Quartz Scheduler created
2024-12-23 20:40:49.689 +07:00 [INF] JobFactory set to: Quartz.Simpl.MicrosoftDependencyInjectionJobFactory
2024-12-23 20:40:49.689 +07:00 [INF] RAMJobStore initialized.
2024-12-23 20:40:49.689 +07:00 [INF] Quartz Scheduler 3.13.1.0 - 'QuartzScheduler' with instanceId 'NON_CLUSTERED' initialized
2024-12-23 20:40:49.689 +07:00 [INF] Using thread pool 'Quartz.Simpl.DefaultThreadPool', size: 10
2024-12-23 20:40:49.689 +07:00 [INF] Using job store 'Quartz.Simpl.RAMJobStore', supports persistence: False, clustered: False
2024-12-23 20:40:49.739 +07:00 [INF] Scheduler QuartzScheduler_$_NON_CLUSTERED started.
2024-12-23 20:42:19.253 +07:00 [WRN] Failed to determine the https port for redirect.
2024-12-23 20:42:24.466 +07:00 [WRN] Compiling a query which loads related collections for more than one collection navigation, either via 'Include' or through projection, but no 'QuerySplittingBehavior' has been configured. By default, Entity Framework will use 'QuerySplittingBehavior.SingleQuery', which can potentially result in slow query performance. See https://go.microsoft.com/fwlink/?linkid=2134277 for more information. To identify the query that's triggering this warning call 'ConfigureWarnings(w => w.Throw(RelationalEventId.MultipleCollectionIncludeWarning))'.
2024-12-23 20:42:33.737 +07:00 [ERR] Checkout Exception:Object reference not set to an instance of an object.
2024-12-23 20:42:51.361 +07:00 [ERR] Checkout Exception:Object reference not set to an instance of an object.
2024-12-23 20:42:51.361 +07:00 [ERR] Checkout Exception:Object reference not set to an instance of an object.
2024-12-23 20:42:51.449 +07:00 [ERR] Checkout Exception:Object reference not set to an instance of an object.
2024-12-23 20:42:51.449 +07:00 [ERR] Checkout Exception:Object reference not set to an instance of an object.
2024-12-23 20:43:14.539 +07:00 [ERR] Checkout Exception:Object reference not set to an instance of an object.
2024-12-23 20:43:20.915 +07:00 [ERR] Checkout Exception:Index was out of range. Must be non-negative and less than the size of the collection. (Parameter 'index')
2024-12-23 20:45:59.290 +07:00 [ERR] Checkout Exception:Index was out of range. Must be non-negative and less than the size of the collection. (Parameter 'index')
2024-12-23 20:46:02.938 +07:00 [ERR] Checkout Exception:Index was out of range. Must be non-negative and less than the size of the collection. (Parameter 'index')
2024-12-23 20:47:53.826 +07:00 [WRN] Compiling a query which loads related collections for more than one collection navigation, either via 'Include' or through projection, but no 'QuerySplittingBehavior' has been configured. By default, Entity Framework will use 'QuerySplittingBehavior.SingleQuery', which can potentially result in slow query performance. See https://go.microsoft.com/fwlink/?linkid=2134277 for more information. To identify the query that's triggering this warning call 'ConfigureWarnings(w => w.Throw(RelationalEventId.MultipleCollectionIncludeWarning))'.
2024-12-23 20:49:17.914 +07:00 [INF] Scheduler QuartzScheduler_$_NON_CLUSTERED shutting down.
2024-12-23 20:49:17.915 +07:00 [INF] Scheduler QuartzScheduler_$_NON_CLUSTERED paused.
2024-12-23 20:49:17.919 +07:00 [INF] Scheduler QuartzScheduler_$_NON_CLUSTERED Shutdown complete.
2024-12-23 20:49:28.623 +07:00 [INF] Initialized Scheduler Signaller of type: Quartz.Core.SchedulerSignalerImpl
2024-12-23 20:49:28.640 +07:00 [INF] Quartz Scheduler created
2024-12-23 20:49:28.640 +07:00 [INF] JobFactory set to: Quartz.Simpl.MicrosoftDependencyInjectionJobFactory
2024-12-23 20:49:28.640 +07:00 [INF] RAMJobStore initialized.
2024-12-23 20:49:28.640 +07:00 [INF] Quartz Scheduler 3.13.1.0 - 'QuartzScheduler' with instanceId 'NON_CLUSTERED' initialized
2024-12-23 20:49:28.640 +07:00 [INF] Using thread pool 'Quartz.Simpl.DefaultThreadPool', size: 10
2024-12-23 20:49:28.640 +07:00 [INF] Using job store 'Quartz.Simpl.RAMJobStore', supports persistence: False, clustered: False
2024-12-23 20:49:28.694 +07:00 [INF] Scheduler QuartzScheduler_$_NON_CLUSTERED started.
2024-12-23 20:49:51.489 +07:00 [WRN] Failed to determine the https port for redirect.
2024-12-23 20:49:55.496 +07:00 [WRN] Compiling a query which loads related collections for more than one collection navigation, either via 'Include' or through projection, but no 'QuerySplittingBehavior' has been configured. By default, Entity Framework will use 'QuerySplittingBehavior.SingleQuery', which can potentially result in slow query performance. See https://go.microsoft.com/fwlink/?linkid=2134277 for more information. To identify the query that's triggering this warning call 'ConfigureWarnings(w => w.Throw(RelationalEventId.MultipleCollectionIncludeWarning))'.
2024-12-23 20:52:21.882 +07:00 [ERR] Checkout Exception:Index was out of range. Must be non-negative and less than the size of the collection. (Parameter 'index')
2024-12-23 20:52:21.965 +07:00 [ERR] Checkout Exception:Index was out of range. Must be non-negative and less than the size of the collection. (Parameter 'index')
2024-12-23 20:52:35.016 +07:00 [ERR] Checkout Exception:Index was out of range. Must be non-negative and less than the size of the collection. (Parameter 'index')
2024-12-23 20:52:44.228 +07:00 [ERR] Checkout Exception:Index was out of range. Must be non-negative and less than the size of the collection. (Parameter 'index')
2024-12-23 20:52:58.730 +07:00 [ERR] Checkout Exception:Index was out of range. Must be non-negative and less than the size of the collection. (Parameter 'index')
2024-12-23 20:53:27.583 +07:00 [ERR] Checkout Exception:Index was out of range. Must be non-negative and less than the size of the collection. (Parameter 'index')
2024-12-23 20:53:29.658 +07:00 [ERR] Checkout Exception:Index was out of range. Must be non-negative and less than the size of the collection. (Parameter 'index')
2024-12-23 20:53:46.522 +07:00 [ERR] Checkout Exception:Index was out of range. Must be non-negative and less than the size of the collection. (Parameter 'index')
2024-12-23 20:53:50.280 +07:00 [ERR] Checkout Exception:Index was out of range. Must be non-negative and less than the size of the collection. (Parameter 'index')
2024-12-23 20:53:54.099 +07:00 [ERR] Checkout Exception:Index was out of range. Must be non-negative and less than the size of the collection. (Parameter 'index')
2024-12-23 20:54:00.280 +07:00 [ERR] Checkout Exception:Index was out of range. Must be non-negative and less than the size of the collection. (Parameter 'index')
2024-12-23 20:54:06.126 +07:00 [ERR] Checkout Exception:Index was out of range. Must be non-negative and less than the size of the collection. (Parameter 'index')
2024-12-23 20:54:25.397 +07:00 [ERR] Checkout Exception:Index was out of range. Must be non-negative and less than the size of the collection. (Parameter 'index')
2024-12-23 20:54:33.136 +07:00 [ERR] Checkout Exception:Index was out of range. Must be non-negative and less than the size of the collection. (Parameter 'index')
2024-12-23 20:54:39.100 +07:00 [ERR] Checkout Exception:Index was out of range. Must be non-negative and less than the size of the collection. (Parameter 'index')
2024-12-23 20:54:43.918 +07:00 [ERR] Checkout Exception:Index was out of range. Must be non-negative and less than the size of the collection. (Parameter 'index')
2024-12-23 20:54:45.827 +07:00 [ERR] Checkout Exception:Index was out of range. Must be non-negative and less than the size of the collection. (Parameter 'index')
2024-12-23 20:55:08.314 +07:00 [ERR] Checkout Exception:Failed to compile generated Razor template:
- (7:24) The name 'Directory' does not exist in the current context

See CompilationErrors for detailed information

2024-12-23 20:56:20.582 +07:00 [ERR] Checkout Exception:Index was out of range. Must be non-negative and less than the size of the collection. (Parameter 'index')
2024-12-23 20:56:22.060 +07:00 [ERR] Checkout Exception:Index was out of range. Must be non-negative and less than the size of the collection. (Parameter 'index')
2024-12-23 20:56:25.915 +07:00 [ERR] Checkout Exception:Index was out of range. Must be non-negative and less than the size of the collection. (Parameter 'index')
2024-12-23 20:56:30.614 +07:00 [ERR] Checkout Exception:Index was out of range. Must be non-negative and less than the size of the collection. (Parameter 'index')
2024-12-23 20:56:32.403 +07:00 [ERR] Checkout Exception:Index was out of range. Must be non-negative and less than the size of the collection. (Parameter 'index')
2024-12-23 20:56:41.243 +07:00 [ERR] Checkout Exception:Index was out of range. Must be non-negative and less than the size of the collection. (Parameter 'index')
2024-12-23 20:56:45.779 +07:00 [ERR] Checkout Exception:Index was out of range. Must be non-negative and less than the size of the collection. (Parameter 'index')
2024-12-23 20:56:56.484 +07:00 [ERR] Checkout Exception:Index was out of range. Must be non-negative and less than the size of the collection. (Parameter 'index')
2024-12-23 20:56:56.497 +07:00 [ERR] Checkout Exception:Index was out of range. Must be non-negative and less than the size of the collection. (Parameter 'index')
2024-12-23 20:57:02.039 +07:00 [ERR] Checkout Exception:Index was out of range. Must be non-negative and less than the size of the collection. (Parameter 'index')
2024-12-23 20:57:03.876 +07:00 [ERR] Checkout Exception:Index was out of range. Must be non-negative and less than the size of the collection. (Parameter 'index')
2024-12-23 20:57:10.653 +07:00 [ERR] Checkout Exception:Index was out of range. Must be non-negative and less than the size of the collection. (Parameter 'index')
2024-12-23 21:00:28.880 +07:00 [ERR] Checkout Exception:Index was out of range. Must be non-negative and less than the size of the collection. (Parameter 'index')
2024-12-23 21:01:32.981 +07:00 [ERR] Checkout Exception:Index was out of range. Must be non-negative and less than the size of the collection. (Parameter 'index')
2024-12-23 21:01:37.423 +07:00 [ERR] Checkout Exception:Index was out of range. Must be non-negative and less than the size of the collection. (Parameter 'index')
2024-12-23 21:01:39.269 +07:00 [ERR] Checkout Exception:Index was out of range. Must be non-negative and less than the size of the collection. (Parameter 'index')
2024-12-23 21:01:53.260 +07:00 [ERR] Checkout Exception:Index was out of range. Must be non-negative and less than the size of the collection. (Parameter 'index')
2024-12-23 21:01:53.329 +07:00 [ERR] Checkout Exception:Index was out of range. Must be non-negative and less than the size of the collection. (Parameter 'index')
2024-12-23 21:02:03.083 +07:00 [ERR] Checkout Exception:Index was out of range. Must be non-negative and less than the size of the collection. (Parameter 'index')
2024-12-23 21:02:14.168 +07:00 [ERR] Checkout Exception:Index was out of range. Must be non-negative and less than the size of the collection. (Parameter 'index')
2024-12-23 21:02:18.614 +07:00 [ERR] Checkout Exception:Index was out of range. Must be non-negative and less than the size of the collection. (Parameter 'index')
2024-12-23 21:02:22.442 +07:00 [ERR] Checkout Exception:Index was out of range. Must be non-negative and less than the size of the collection. (Parameter 'index')
2024-12-23 21:02:32.586 +07:00 [ERR] Checkout Exception:Index was out of range. Must be non-negative and less than the size of the collection. (Parameter 'index')
2024-12-23 21:02:42.161 +07:00 [ERR] Checkout Exception:Index was out of range. Must be non-negative and less than the size of the collection. (Parameter 'index')
2024-12-23 21:02:48.611 +07:00 [ERR] Checkout Exception:Index was out of range. Must be non-negative and less than the size of the collection. (Parameter 'index')
2024-12-23 21:03:48.379 +07:00 [ERR] Checkout Exception:Index was out of range. Must be non-negative and less than the size of the collection. (Parameter 'index')
2024-12-23 21:03:50.271 +07:00 [ERR] Checkout Exception:Index was out of range. Must be non-negative and less than the size of the collection. (Parameter 'index')
2024-12-23 21:03:53.031 +07:00 [ERR] Checkout Exception:Index was out of range. Must be non-negative and less than the size of the collection. (Parameter 'index')
2024-12-23 21:03:53.124 +07:00 [ERR] Checkout Exception:Index was out of range. Must be non-negative and less than the size of the collection. (Parameter 'index')
2024-12-23 21:03:53.181 +07:00 [ERR] Checkout Exception:Index was out of range. Must be non-negative and less than the size of the collection. (Parameter 'index')
2024-12-23 21:04:01.246 +07:00 [ERR] Checkout Exception:Index was out of range. Must be non-negative and less than the size of the collection. (Parameter 'index')
2024-12-23 21:04:01.320 +07:00 [ERR] Checkout Exception:Index was out of range. Must be non-negative and less than the size of the collection. (Parameter 'index')
2024-12-23 21:04:04.162 +07:00 [ERR] Checkout Exception:Index was out of range. Must be non-negative and less than the size of the collection. (Parameter 'index')
2024-12-23 21:04:04.186 +07:00 [ERR] Checkout Exception:Index was out of range. Must be non-negative and less than the size of the collection. (Parameter 'index')
2024-12-23 21:04:07.338 +07:00 [ERR] Checkout Exception:Index was out of range. Must be non-negative and less than the size of the collection. (Parameter 'index')
2024-12-23 21:10:41.168 +07:00 [ERR] Checkout Exception:Index was out of range. Must be non-negative and less than the size of the collection. (Parameter 'index')
2024-12-23 21:10:45.669 +07:00 [ERR] Checkout Exception:Index was out of range. Must be non-negative and less than the size of the collection. (Parameter 'index')
2024-12-23 21:12:08.345 +07:00 [ERR] Checkout Exception:Index was out of range. Must be non-negative and less than the size of the collection. (Parameter 'index')
2024-12-23 21:12:16.933 +07:00 [ERR] Checkout Exception:Index was out of range. Must be non-negative and less than the size of the collection. (Parameter 'index')
2024-12-23 21:12:16.987 +07:00 [ERR] Checkout Exception:Index was out of range. Must be non-negative and less than the size of the collection. (Parameter 'index')
2024-12-23 21:12:18.344 +07:00 [ERR] Checkout Exception:Index was out of range. Must be non-negative and less than the size of the collection. (Parameter 'index')
2024-12-23 21:12:18.380 +07:00 [ERR] Checkout Exception:Index was out of range. Must be non-negative and less than the size of the collection. (Parameter 'index')
2024-12-23 21:12:19.590 +07:00 [ERR] Checkout Exception:Index was out of range. Must be non-negative and less than the size of the collection. (Parameter 'index')
2024-12-23 21:12:23.939 +07:00 [ERR] Checkout Exception:Index was out of range. Must be non-negative and less than the size of the collection. (Parameter 'index')
2024-12-23 21:13:21.051 +07:00 [ERR] Checkout Exception:Index was out of range. Must be non-negative and less than the size of the collection. (Parameter 'index')
2024-12-23 21:13:24.792 +07:00 [ERR] Checkout Exception:Index was out of range. Must be non-negative and less than the size of the collection. (Parameter 'index')
2024-12-23 21:13:33.839 +07:00 [ERR] Checkout Exception:Index was out of range. Must be non-negative and less than the size of the collection. (Parameter 'index')
2024-12-23 21:13:33.875 +07:00 [ERR] Checkout Exception:Index was out of range. Must be non-negative and less than the size of the collection. (Parameter 'index')
2024-12-23 21:24:30.948 +07:00 [INF] Running in Login Action
2024-12-23 21:24:39.013 +07:00 [WRN] Compiling a query which loads related collections for more than one collection navigation, either via 'Include' or through projection, but no 'QuerySplittingBehavior' has been configured. By default, Entity Framework will use 'QuerySplittingBehavior.SingleQuery', which can potentially result in slow query performance. See https://go.microsoft.com/fwlink/?linkid=2134277 for more information. To identify the query that's triggering this warning call 'ConfigureWarnings(w => w.Throw(RelationalEventId.MultipleCollectionIncludeWarning))'.
2024-12-23 21:26:06.504 +07:00 [INF] Scheduler QuartzScheduler_$_NON_CLUSTERED shutting down.
2024-12-23 21:26:06.505 +07:00 [INF] Scheduler QuartzScheduler_$_NON_CLUSTERED paused.
2024-12-23 21:26:06.508 +07:00 [INF] Scheduler QuartzScheduler_$_NON_CLUSTERED Shutdown complete.
